{"meta": {"format": 3, "version": "7.13.4", "timestamp": "2026-03-19T01:25:30.403450", "branch_coverage": false, "show_contexts": false}, "files": {"api_contract.py": {"executed_lines": [1, 3, 4, 5, 6, 7, 8, 9, 10, 11, 13, 14, 15, 16, 18, 21, 46, 47, 48, 49, 52, 53, 56, 57, 61, 69, 79, 84, 94, 96, 99, 100, 101, 102, 103, 104, 105, 107, 110, 111, 114, 115, 116, 117, 118, 119, 120, 121, 124, 125, 127, 128, 131, 132, 133, 134, 135, 136, 139, 140, 141, 142, 143, 145, 146, 151, 154, 155, 156, 157, 158, 159, 160, 161, 162, 163, 164, 165, 167, 168, 169, 170, 176, 177, 178, 179, 182, 183, 184, 185, 187, 188, 190, 191, 192, 193, 194, 196, 197, 198, 199, 200], "summary": {"covered_lines": 102, "num_statements": 108, "percent_covered": 94.44444444444444, "percent_covered_display": "94", "missing_lines": 6, "excluded_lines": 0, "percent_statements_covered": 94.44444444444444, "percent_statements_covered_display": "94"}, "missing_lines": [95, 108, 126, 152, 189, 195], "excluded_lines": [], "functions": {"ensure_request_id": {"executed_lines": [47, 48, 49], "summary": {"covered_lines": 3, "num_statements": 3, "percent_covered": 100.0, "percent_covered_display": "100", "missing_lines": 0, "excluded_lines": 0, "percent_statements_covered": 100.0, "percent_statements_covered_display": "100"}, "missing_lines": [], "excluded_lines": [], "start_line": 46}, "get_request_id": {"executed_lines": [53], "summary": {"covered_lines": 1, "num_statements": 1, "percent_covered": 100.0, "percent_covered_display": "100", "missing_lines": 0, "excluded_lines": 0, "percent_statements_covered": 100.0, "percent_statements_covered_display": "100"}, "missing_lines": [], "excluded_lines": [], "start_line": 52}, "success_envelope": {"executed_lines": [57, 61], "summary": {"covered_lines": 2, "num_statements": 2, "percent_covered": 100.0, "percent_covered_display": "100", "missing_lines": 0, "excluded_lines": 0, "percent_statements_covered": 100.0, "percent_statements_covered_display": "100"}, "missing_lines": [], "excluded_lines": [], "start_line": 56}, "error_envelope": {"executed_lines": [79, 84, 94, 96], "summary": {"covered_lines": 4, "num_statements": 5, "percent_covered": 80.0, "percent_covered_display": "80", "missing_lines": 1, "excluded_lines": 0, "percent_statements_covered": 80.0, "percent_statements_covered_display": "80"}, "missing_lines": [95], "excluded_lines": [], "start_line": 69}, "normalize_error_detail": {"executed_lines": [100, 101, 102, 103, 104, 105, 107, 110, 111], "summary": {"covered_lines": 9, "num_statements": 10, "percent_covered": 90.0, "percent_covered_display": "90", "missing_lines": 1, "excluded_lines": 0, "percent_statements_covered": 90.0, "percent_statements_covered_display": "90"}, "missing_lines": [108], "excluded_lines": [], "start_line": 99}, "add_request_headers": {"executed_lines": [115, 116, 117, 118, 119, 120, 121], "summary": {"covered_lines": 7, "num_statements": 7, "percent_covered": 100.0, "percent_covered_display": "100", "missing_lines": 0, "excluded_lines": 0, "percent_statements_covered": 100.0, "percent_statements_covered_display": "100"}, "missing_lines": [], "excluded_lines": [], "start_line": 114}, "_stable_hash": {"executed_lines": [125, 127, 128], "summary": {"covered_lines": 3, "num_statements": 4, "percent_covered": 75.0, "percent_covered_display": "75", "missing_lines": 1, "excluded_lines": 0, "percent_statements_covered": 75.0, "percent_statements_covered_display": "75"}, "missing_lines": [126], "excluded_lines": [], "start_line": 124}, "IdempotencyStore.__init__": {"executed_lines": [141, 142, 143], "summary": {"covered_lines": 3, "num_statements": 3, "percent_covered": 100.0, "percent_covered_display": "100", "missing_lines": 0, "excluded_lines": 0, "percent_statements_covered": 100.0, "percent_statements_covered_display": "100"}, "missing_lines": [], "excluded_lines": [], "start_line": 140}, "IdempotencyStore._prune": {"executed_lines": [146, 151], "summary": {"covered_lines": 2, "num_statements": 3, "percent_covered": 66.66666666666667, "percent_covered_display": "67", "missing_lines": 1, "excluded_lines": 0, "percent_statements_covered": 66.66666666666667, "percent_statements_covered_display": "67"}, "missing_lines": [152], "excluded_lines": [], "start_line": 145}, "IdempotencyStore.get": {"executed_lines": [155, 156, 157, 158, 159, 160, 161, 162, 163, 164, 165], "summary": {"covered_lines": 11, "num_statements": 11, "percent_covered": 100.0, "percent_covered_display": "100", "missing_lines": 0, "excluded_lines": 0, "percent_statements_covered": 100.0, "percent_statements_covered_display": "100"}, "missing_lines": [], "excluded_lines": [], "start_line": 154}, "IdempotencyStore.store": {"executed_lines": [168, 169, 170, 176, 177, 178, 179], "summary": {"covered_lines": 7, "num_statements": 7, "percent_covered": 100.0, "percent_covered_display": "100", "missing_lines": 0, "excluded_lines": 0, "percent_statements_covered": 100.0, "percent_statements_covered_display": "100"}, "missing_lines": [], "excluded_lines": [], "start_line": 167}, "RateLimiter.__init__": {"executed_lines": [184, 185], "summary": {"covered_lines": 2, "num_statements": 2, "percent_covered": 100.0, "percent_covered_display": "100", "missing_lines": 0, "excluded_lines": 0, "percent_statements_covered": 100.0, "percent_statements_covered_display": "100"}, "missing_lines": [], "excluded_lines": [], "start_line": 183}, "RateLimiter.hit": {"executed_lines": [188, 190, 191, 192, 193, 194, 196, 197, 198, 199, 200], "summary": {"covered_lines": 11, "num_statements": 13, "percent_covered": 84.61538461538461, "percent_covered_display": "85", "missing_lines": 2, "excluded_lines": 0, "percent_statements_covered": 84.61538461538461, "percent_statements_covered_display": "85"}, "missing_lines": [189, 195], "excluded_lines": [], "start_line": 187}, "": {"executed_lines": [1, 3, 4, 5, 6, 7, 8, 9, 10, 11, 13, 14, 15, 16, 18, 21, 46, 52, 56, 69, 99, 114, 124, 131, 132, 133, 134, 135, 136, 139, 140, 145, 154, 167, 182, 183, 187], "summary": {"covered_lines": 37, "num_statements": 37, "percent_covered": 100.0, "percent_covered_display": "100", "missing_lines": 0, "excluded_lines": 0, "percent_statements_covered": 100.0, "percent_statements_covered_display": "100"}, "missing_lines": [], "excluded_lines": [], "start_line": 1}}, "classes": {"IdempotencyRecord": {"executed_lines": [], "summary": {"covered_lines": 0, "num_statements": 0, "percent_covered": 100.0, "percent_covered_display": "100", "missing_lines": 0, "excluded_lines": 0, "percent_statements_covered": 100.0, "percent_statements_covered_display": "100"}, "missing_lines": [], "excluded_lines": [], "start_line": 132}, "IdempotencyStore": {"executed_lines": [141, 142, 143, 146, 151, 155, 156, 157, 158, 159, 160, 161, 162, 163, 164, 165, 168, 169, 170, 176, 177, 178, 179], "summary": {"covered_lines": 23, "num_statements": 24, "percent_covered": 95.83333333333333, "percent_covered_display": "96", "missing_lines": 1, "excluded_lines": 0, "percent_statements_covered": 95.83333333333333, "percent_statements_covered_display": "96"}, "missing_lines": [152], "excluded_lines": [], "start_line": 139}, "RateLimiter": {"executed_lines": [184, 185, 188, 190, 191, 192, 193, 194, 196, 197, 198, 199, 200], "summary": {"covered_lines": 13, "num_statements": 15, "percent_covered": 86.66666666666667, "percent_covered_display": "87", "missing_lines": 2, "excluded_lines": 0, "percent_statements_covered": 86.66666666666667, "percent_statements_covered_display": "87"}, "missing_lines": [189, 195], "excluded_lines": [], "start_line": 182}, "": {"executed_lines": [1, 3, 4, 5, 6, 7, 8, 9, 10, 11, 13, 14, 15, 16, 18, 21, 46, 47, 48, 49, 52, 53, 56, 57, 61, 69, 79, 84, 94, 96, 99, 100, 101, 102, 103, 104, 105, 107, 110, 111, 114, 115, 116, 117, 118, 119, 120, 121, 124, 125, 127, 128, 131, 132, 133, 134, 135, 136, 139, 140, 145, 154, 167, 182, 183, 187], "summary": {"covered_lines": 66, "num_statements": 69, "percent_covered": 95.65217391304348, "percent_covered_display": "96", "missing_lines": 3, "excluded_lines": 0, "percent_statements_covered": 95.65217391304348, "percent_statements_covered_display": "96"}, "missing_lines": [95, 108, 126], "excluded_lines": [], "start_line": 1}}}, "collab_storage.py": {"executed_lines": [1, 2, 3, 4, 5, 6, 7, 8, 11, 12, 14, 15, 16, 17, 19, 20, 21, 22, 23, 24, 25, 26, 29, 30, 33, 34, 37, 38, 39, 40, 43, 44, 45, 46, 48, 49, 54, 55, 56, 58, 59, 60, 62, 66, 67, 68, 69, 70, 72, 73, 74, 75, 76, 78, 79, 80, 82, 83, 84, 87, 88, 89, 241, 242, 243, 244, 245, 246, 247, 249, 251, 252, 259, 260, 269, 270, 282, 283, 284, 285, 288, 307, 308, 309, 310, 311, 314, 315, 316, 319, 335, 341, 342, 343, 345, 346, 360, 362, 363, 364, 378, 379, 381, 382, 383, 384, 385, 386, 393, 400, 402, 403, 404, 406, 408, 409, 410, 411, 413, 414, 415, 416, 427, 428, 430, 437, 439, 440, 442, 443, 444, 447, 448, 457, 458, 459, 476, 477, 478, 480, 482, 483, 485, 486, 487, 488, 490, 497, 498, 499, 501, 502, 503, 504, 505, 507, 508, 509, 510, 512, 520, 521, 522, 523, 530, 532, 533, 534, 535, 536, 544, 545, 546, 549, 550, 551, 558, 559, 561, 562, 570, 571, 572, 574, 575, 577, 578, 579, 580, 581, 582, 583, 595, 596, 597, 601, 602, 610, 612, 613, 614, 616, 619, 620, 621, 622, 623, 630, 637, 646, 648, 649, 650, 651, 663, 665, 683, 684, 685, 687, 688, 691, 692, 693, 694, 697, 698, 701, 714, 723, 732, 739, 740, 743, 744, 745, 746, 749, 756, 759, 767, 776, 785, 786, 787, 788, 790, 800, 814, 815, 827, 829, 830, 831, 833, 836, 837, 838, 839, 840, 841, 844, 845, 848, 855, 862, 869, 878, 880, 888, 889, 890, 891, 893, 899, 901, 902, 903, 904, 905, 907, 909, 910, 911, 922, 935, 936, 945, 946, 948, 949, 950, 964, 965, 966, 968, 969, 970, 971, 972, 974, 978, 979, 981, 983, 984, 985, 986, 987, 989, 994, 995, 996, 998, 999, 1002, 1003, 1004, 1005, 1008, 1009, 1012, 1013, 1017, 1024, 1025, 1035, 1049, 1058, 1067, 1068, 1069, 1070, 1072, 1082, 1094, 1101, 1102, 1104, 1105, 1106, 1107, 1110, 1117, 1120, 1128, 1137, 1146, 1152, 1153, 1154, 1155, 1158, 1167, 1169, 1172, 1180, 1192, 1198, 1199, 1201, 1215, 1216, 1217, 1226, 1228, 1229, 1230, 1231, 1233, 1242, 1244, 1245, 1246, 1247, 1249, 1250, 1252, 1270, 1283, 1284, 1285, 1286, 1287, 1288, 1289, 1290, 1291, 1292, 1293, 1295, 1299, 1301, 1302, 1324, 1325, 1326, 1327, 1332, 1344, 1345, 1346, 1347, 1348, 1349, 1351, 1359, 1361, 1362, 1374, 1389, 1390, 1391, 1392, 1397, 1403, 1404, 1405, 1406, 1408, 1416, 1418, 1426, 1427, 1428, 1430, 1466, 1492, 1498, 1499, 1500, 1501, 1503, 1504, 1506, 1514, 1515, 1516, 1520, 1528, 1529, 1530, 1531, 1532, 1533, 1534, 1536, 1540, 1542, 1561, 1562, 1563, 1564, 1569, 1586, 1587, 1588, 1589, 1591, 1592, 1594, 1596, 1597, 1598, 1599, 1601, 1602, 1603, 1604, 1605, 1606, 1614, 1615, 1616, 1620, 1622, 1623, 1624, 1625, 1626, 1627, 1636, 1637, 1638, 1643, 1644, 1645, 1646, 1647, 1648, 1650, 1651, 1655, 1656, 1658, 1659, 1660, 1661, 1662, 1664, 1673, 1674, 1676, 1701, 1702, 1703, 1704, 1705, 1706, 1707, 1709, 1710, 1712, 1713, 1717, 1718, 1719, 1727, 1728, 1729, 1734, 1753, 1754, 1755, 1756, 1758, 1762, 1764, 1765, 1773, 1774, 1775, 1776, 1777, 1778, 1786, 1787, 1798, 1799, 1800, 1801, 1802, 1807, 1808, 1809, 1811, 1814, 1816, 1825, 1827, 1828, 1829, 1830, 1831, 1834, 1838, 1841, 1842, 1846, 1847, 1851, 1852, 1862, 1863, 1865, 1866, 1867, 1874, 1875, 1877, 1878, 1879, 1883, 1884, 1885, 1894, 1902, 1909, 1910, 1917, 1924, 1928, 1929, 1942, 1943, 1944, 1945, 1946, 1948, 1958, 1962, 1963, 1964, 1965, 1966, 1969, 1979, 1987], "summary": {"covered_lines": 598, "num_statements": 760, "percent_covered": 78.6842105263158, "percent_covered_display": "79", "missing_lines": 162, "excluded_lines": 0, "percent_statements_covered": 78.6842105263158, "percent_statements_covered_display": "79"}, "missing_lines": [47, 50, 51, 57, 61, 63, 85, 286, 287, 312, 313, 317, 318, 336, 405, 417, 425, 429, 445, 449, 450, 451, 452, 453, 454, 455, 479, 506, 547, 573, 615, 617, 666, 667, 679, 680, 681, 686, 689, 695, 699, 741, 747, 757, 789, 832, 834, 842, 846, 973, 980, 988, 997, 1000, 1006, 1010, 1014, 1071, 1103, 1108, 1118, 1156, 1168, 1170, 1200, 1232, 1248, 1258, 1266, 1267, 1268, 1294, 1300, 1328, 1329, 1330, 1350, 1360, 1393, 1394, 1395, 1407, 1417, 1444, 1453, 1454, 1455, 1473, 1474, 1475, 1476, 1477, 1478, 1479, 1480, 1481, 1489, 1490, 1502, 1505, 1535, 1541, 1565, 1566, 1567, 1570, 1571, 1572, 1573, 1574, 1584, 1590, 1593, 1621, 1639, 1640, 1641, 1649, 1663, 1684, 1685, 1686, 1687, 1688, 1689, 1698, 1699, 1708, 1711, 1714, 1715, 1716, 1730, 1731, 1732, 1735, 1736, 1737, 1738, 1739, 1740, 1748, 1749, 1757, 1763, 1803, 1804, 1805, 1806, 1810, 1813, 1826, 1832, 1839, 1876, 1881, 1938, 1939, 1940, 1947, 1967, 1968], "excluded_lines": [], "functions": {"_now_ms": {"executed_lines": [30], "summary": {"covered_lines": 1, "num_statements": 1, "percent_covered": 100.0, "percent_covered_display": "100", "missing_lines": 0, "excluded_lines": 0, "percent_statements_covered": 100.0, "percent_statements_covered_display": "100"}, "missing_lines": [], "excluded_lines": [], "start_line": 29}, "_normalize_email": {"executed_lines": [34], "summary": {"covered_lines": 1, "num_statements": 1, "percent_covered": 100.0, "percent_covered_display": "100", "missing_lines": 0, "excluded_lines": 0, "percent_statements_covered": 100.0, "percent_statements_covered_display": "100"}, "missing_lines": [], "excluded_lines": [], "start_line": 33}, "_password_hash": {"executed_lines": [38, 39, 40], "summary": {"covered_lines": 3, "num_statements": 3, "percent_covered": 100.0, "percent_covered_display": "100", "missing_lines": 0, "excluded_lines": 0, "percent_statements_covered": 100.0, "percent_statements_covered_display": "100"}, "missing_lines": [], "excluded_lines": [], "start_line": 37}, "_verify_password": {"executed_lines": [44, 45, 46, 48, 49], "summary": {"covered_lines": 5, "num_statements": 8, "percent_covered": 62.5, "percent_covered_display": "62", "missing_lines": 3, "excluded_lines": 0, "percent_statements_covered": 62.5, "percent_statements_covered_display": "62"}, "missing_lines": [47, 50, 51], "excluded_lines": [], "start_line": 43}, "_validate_password_policy": {"executed_lines": [55, 56, 58, 59, 60, 62], "summary": {"covered_lines": 6, "num_statements": 9, "percent_covered": 66.66666666666667, "percent_covered_display": "67", "missing_lines": 3, "excluded_lines": 0, "percent_statements_covered": 66.66666666666667, "percent_statements_covered_display": "67"}, "missing_lines": [57, 61, 63], "excluded_lines": [], "start_line": 54}, "CollabStorage.__init__": {"executed_lines": [68, 69, 70], "summary": {"covered_lines": 3, "num_statements": 3, "percent_covered": 100.0, "percent_covered_display": "100", "missing_lines": 0, "excluded_lines": 0, "percent_statements_covered": 100.0, "percent_statements_covered_display": "100"}, "missing_lines": [], "excluded_lines": [], "start_line": 67}, "CollabStorage._connect": {"executed_lines": [73, 74, 75, 76], "summary": {"covered_lines": 4, "num_statements": 4, "percent_covered": 100.0, "percent_covered_display": "100", "missing_lines": 0, "excluded_lines": 0, "percent_statements_covered": 100.0, "percent_statements_covered_display": "100"}, "missing_lines": [], "excluded_lines": [], "start_line": 72}, "CollabStorage._table_columns": {"executed_lines": [79, 80], "summary": {"covered_lines": 2, "num_statements": 2, "percent_covered": 100.0, "percent_covered_display": "100", "missing_lines": 0, "excluded_lines": 0, "percent_statements_covered": 100.0, "percent_statements_covered_display": "100"}, "missing_lines": [], "excluded_lines": [], "start_line": 78}, "CollabStorage._ensure_column": {"executed_lines": [83, 84], "summary": {"covered_lines": 2, "num_statements": 3, "percent_covered": 66.66666666666667, "percent_covered_display": "67", "missing_lines": 1, "excluded_lines": 0, "percent_statements_covered": 66.66666666666667, "percent_statements_covered_display": "67"}, "missing_lines": [85], "excluded_lines": [], "start_line": 82}, "CollabStorage._init_db": {"executed_lines": [88, 89, 241, 242, 243, 244, 245, 246, 247, 249], "summary": {"covered_lines": 10, "num_statements": 10, "percent_covered": 100.0, "percent_covered_display": "100", "missing_lines": 0, "excluded_lines": 0, "percent_statements_covered": 100.0, "percent_statements_covered_display": "100"}, "missing_lines": [], "excluded_lines": [], "start_line": 87}, "CollabStorage._row_to_user": {"executed_lines": [252], "summary": {"covered_lines": 1, "num_statements": 1, "percent_covered": 100.0, "percent_covered_display": "100", "missing_lines": 0, "excluded_lines": 0, "percent_statements_covered": 100.0, "percent_statements_covered_display": "100"}, "missing_lines": [], "excluded_lines": [], "start_line": 251}, "CollabStorage._row_to_organization": {"executed_lines": [260], "summary": {"covered_lines": 1, "num_statements": 1, "percent_covered": 100.0, "percent_covered_display": "100", "missing_lines": 0, "excluded_lines": 0, "percent_statements_covered": 100.0, "percent_statements_covered_display": "100"}, "missing_lines": [], "excluded_lines": [], "start_line": 259}, "CollabStorage._row_to_project": {"executed_lines": [270], "summary": {"covered_lines": 1, "num_statements": 1, "percent_covered": 100.0, "percent_covered_display": "100", "missing_lines": 0, "excluded_lines": 0, "percent_statements_covered": 100.0, "percent_statements_covered_display": "100"}, "missing_lines": [], "excluded_lines": [], "start_line": 269}, "CollabStorage._row_to_dataset_asset": {"executed_lines": [283, 284, 285, 288], "summary": {"covered_lines": 4, "num_statements": 6, "percent_covered": 66.66666666666667, "percent_covered_display": "67", "missing_lines": 2, "excluded_lines": 0, "percent_statements_covered": 66.66666666666667, "percent_statements_covered_display": "67"}, "missing_lines": [286, 287], "excluded_lines": [], "start_line": 282}, "CollabStorage._row_to_job": {"executed_lines": [308, 309, 310, 311, 314, 315, 316, 319, 335, 341, 342, 343], "summary": {"covered_lines": 12, "num_statements": 17, "percent_covered": 70.58823529411765, "percent_covered_display": "71", "missing_lines": 5, "excluded_lines": 0, "percent_statements_covered": 70.58823529411765, "percent_statements_covered_display": "71"}, "missing_lines": [312, 313, 317, 318, 336], "excluded_lines": [], "start_line": 307}, "CollabStorage._get_default_org_for_user": {"executed_lines": [346, 360], "summary": {"covered_lines": 2, "num_statements": 2, "percent_covered": 100.0, "percent_covered_display": "100", "missing_lines": 0, "excluded_lines": 0, "percent_statements_covered": 100.0, "percent_statements_covered_display": "100"}, "missing_lines": [], "excluded_lines": [], "start_line": 345}, "CollabStorage._ensure_personal_org": {"executed_lines": [363, 364, 378, 379, 381, 382, 383, 384, 385, 386, 393, 400], "summary": {"covered_lines": 12, "num_statements": 12, "percent_covered": 100.0, "percent_covered_display": "100", "missing_lines": 0, "excluded_lines": 0, "percent_statements_covered": 100.0, "percent_statements_covered_display": "100"}, "missing_lines": [], "excluded_lines": [], "start_line": 362}, "CollabStorage._ensure_user_bootstrap": {"executed_lines": [403, 404, 406], "summary": {"covered_lines": 3, "num_statements": 4, "percent_covered": 75.0, "percent_covered_display": "75", "missing_lines": 1, "excluded_lines": 0, "percent_statements_covered": 75.0, "percent_statements_covered_display": "75"}, "missing_lines": [405], "excluded_lines": [], "start_line": 402}, "CollabStorage.ensure_local_user": {"executed_lines": [409, 410, 411, 413, 414, 415, 416, 427, 428, 430, 437, 439, 440], "summary": {"covered_lines": 13, "num_statements": 16, "percent_covered": 81.25, "percent_covered_display": "81", "missing_lines": 3, "excluded_lines": 0, "percent_statements_covered": 81.25, "percent_statements_covered_display": "81"}, "missing_lines": [417, 425, 429], "excluded_lines": [], "start_line": 408}, "CollabStorage._backfill_org_relationships": {"executed_lines": [443, 444, 447, 448], "summary": {"covered_lines": 4, "num_statements": 12, "percent_covered": 33.333333333333336, "percent_covered_display": "33", "missing_lines": 8, "excluded_lines": 0, "percent_statements_covered": 33.333333333333336, "percent_statements_covered_display": "33"}, "missing_lines": [445, 449, 450, 451, 452, 453, 454, 455], "excluded_lines": [], "start_line": 442}, "CollabStorage.clear": {"executed_lines": [458, 459], "summary": {"covered_lines": 2, "num_statements": 2, "percent_covered": 100.0, "percent_covered_display": "100", "missing_lines": 0, "excluded_lines": 0, "percent_statements_covered": 100.0, "percent_statements_covered_display": "100"}, "missing_lines": [], "excluded_lines": [], "start_line": 457}, "CollabStorage.register_user": {"executed_lines": [477, 478, 480, 482, 483, 485, 486, 487, 488, 490, 497, 498, 499], "summary": {"covered_lines": 13, "num_statements": 14, "percent_covered": 92.85714285714286, "percent_covered_display": "93", "missing_lines": 1, "excluded_lines": 0, "percent_statements_covered": 92.85714285714286, "percent_statements_covered_display": "93"}, "missing_lines": [479], "excluded_lines": [], "start_line": 476}, "CollabStorage.authenticate_user": {"executed_lines": [502, 503, 504, 505, 507, 508, 509, 510], "summary": {"covered_lines": 8, "num_statements": 9, "percent_covered": 88.88888888888889, "percent_covered_display": "89", "missing_lines": 1, "excluded_lines": 0, "percent_statements_covered": 88.88888888888889, "percent_statements_covered_display": "89"}, "missing_lines": [506], "excluded_lines": [], "start_line": 501}, "CollabStorage._issue_token": {"executed_lines": [520, 521, 522, 523, 530], "summary": {"covered_lines": 5, "num_statements": 5, "percent_covered": 100.0, "percent_covered_display": "100", "missing_lines": 0, "excluded_lines": 0, "percent_statements_covered": 100.0, "percent_statements_covered_display": "100"}, "missing_lines": [], "excluded_lines": [], "start_line": 512}, "CollabStorage.issue_auth_tokens": {"executed_lines": [533, 534, 535, 536], "summary": {"covered_lines": 4, "num_statements": 4, "percent_covered": 100.0, "percent_covered_display": "100", "missing_lines": 0, "excluded_lines": 0, "percent_statements_covered": 100.0, "percent_statements_covered_display": "100"}, "missing_lines": [], "excluded_lines": [], "start_line": 532}, "CollabStorage.refresh_access_token": {"executed_lines": [545, 546, 549, 550, 551, 558, 559, 561, 562], "summary": {"covered_lines": 9, "num_statements": 10, "percent_covered": 90.0, "percent_covered_display": "90", "missing_lines": 1, "excluded_lines": 0, "percent_statements_covered": 90.0, "percent_statements_covered_display": "90"}, "missing_lines": [547], "excluded_lines": [], "start_line": 544}, "CollabStorage.revoke_token": {"executed_lines": [571, 572, 574, 575], "summary": {"covered_lines": 4, "num_statements": 5, "percent_covered": 80.0, "percent_covered_display": "80", "missing_lines": 1, "excluded_lines": 0, "percent_statements_covered": 80.0, "percent_statements_covered_display": "80"}, "missing_lines": [573], "excluded_lines": [], "start_line": 570}, "CollabStorage.get_user_by_token": {"executed_lines": [578, 579, 580, 581, 582, 583, 595, 596, 597], "summary": {"covered_lines": 9, "num_statements": 9, "percent_covered": 100.0, "percent_covered_display": "100", "missing_lines": 0, "excluded_lines": 0, "percent_statements_covered": 100.0, "percent_statements_covered_display": "100"}, "missing_lines": [], "excluded_lines": [], "start_line": 577}, "CollabStorage._get_org_role": {"executed_lines": [602, 610], "summary": {"covered_lines": 2, "num_statements": 2, "percent_covered": 100.0, "percent_covered_display": "100", "missing_lines": 0, "excluded_lines": 0, "percent_statements_covered": 100.0, "percent_statements_covered_display": "100"}, "missing_lines": [], "excluded_lines": [], "start_line": 601}, "CollabStorage.create_organization": {"executed_lines": [613, 614, 616, 619, 620, 621, 622, 623, 630, 637, 646], "summary": {"covered_lines": 11, "num_statements": 13, "percent_covered": 84.61538461538461, "percent_covered_display": "85", "missing_lines": 2, "excluded_lines": 0, "percent_statements_covered": 84.61538461538461, "percent_statements_covered_display": "85"}, "missing_lines": [615, 617], "excluded_lines": [], "start_line": 612}, "CollabStorage.list_organizations_for_user": {"executed_lines": [649, 650, 651, 663], "summary": {"covered_lines": 4, "num_statements": 4, "percent_covered": 100.0, "percent_covered_display": "100", "missing_lines": 0, "excluded_lines": 0, "percent_statements_covered": 100.0, "percent_statements_covered_display": "100"}, "missing_lines": [], "excluded_lines": [], "start_line": 648}, "CollabStorage.get_organization_for_user": {"executed_lines": [], "summary": {"covered_lines": 0, "num_statements": 5, "percent_covered": 0.0, "percent_covered_display": "0", "missing_lines": 5, "excluded_lines": 0, "percent_statements_covered": 0.0, "percent_statements_covered_display": "0"}, "missing_lines": [666, 667, 679, 680, 681], "excluded_lines": [], "start_line": 665}, "CollabStorage.add_organization_member": {"executed_lines": [684, 685, 687, 688, 691, 692, 693, 694, 697, 698, 701, 714, 723], "summary": {"covered_lines": 13, "num_statements": 17, "percent_covered": 76.47058823529412, "percent_covered_display": "76", "missing_lines": 4, "excluded_lines": 0, "percent_statements_covered": 76.47058823529412, "percent_statements_covered_display": "76"}, "missing_lines": [686, 689, 695, 699], "excluded_lines": [], "start_line": 683}, "CollabStorage.update_organization_member_role": {"executed_lines": [739, 740, 743, 744, 745, 746, 749, 756, 759, 767, 776], "summary": {"covered_lines": 11, "num_statements": 14, "percent_covered": 78.57142857142857, "percent_covered_display": "79", "missing_lines": 3, "excluded_lines": 0, "percent_statements_covered": 78.57142857142857, "percent_statements_covered_display": "79"}, "missing_lines": [741, 747, 757], "excluded_lines": [], "start_line": 732}, "CollabStorage.list_organization_members": {"executed_lines": [786, 787, 788, 790, 800], "summary": {"covered_lines": 5, "num_statements": 6, "percent_covered": 83.33333333333333, "percent_covered_display": "83", "missing_lines": 1, "excluded_lines": 0, "percent_statements_covered": 83.33333333333333, "percent_statements_covered_display": "83"}, "missing_lines": [789], "excluded_lines": [], "start_line": 785}, "CollabStorage._get_project_role": {"executed_lines": [815, 827], "summary": {"covered_lines": 2, "num_statements": 2, "percent_covered": 100.0, "percent_covered_display": "100", "missing_lines": 0, "excluded_lines": 0, "percent_statements_covered": 100.0, "percent_statements_covered_display": "100"}, "missing_lines": [], "excluded_lines": [], "start_line": 814}, "CollabStorage.create_project": {"executed_lines": [830, 831, 833, 836, 837, 838, 839, 840, 841, 844, 845, 848, 855, 862, 869, 878], "summary": {"covered_lines": 16, "num_statements": 20, "percent_covered": 80.0, "percent_covered_display": "80", "missing_lines": 4, "excluded_lines": 0, "percent_statements_covered": 80.0, "percent_statements_covered_display": "80"}, "missing_lines": [832, 834, 842, 846], "excluded_lines": [], "start_line": 829}, "CollabStorage.search_projects_for_user": {"executed_lines": [888, 889, 890, 891, 893, 899, 901, 902, 903, 904, 905, 907, 909, 910, 911, 922, 935, 936], "summary": {"covered_lines": 18, "num_statements": 18, "percent_covered": 100.0, "percent_covered_display": "100", "missing_lines": 0, "excluded_lines": 0, "percent_statements_covered": 100.0, "percent_statements_covered_display": "100"}, "missing_lines": [], "excluded_lines": [], "start_line": 880}, "CollabStorage.list_projects_for_user": {"executed_lines": [946], "summary": {"covered_lines": 1, "num_statements": 1, "percent_covered": 100.0, "percent_covered_display": "100", "missing_lines": 0, "excluded_lines": 0, "percent_statements_covered": 100.0, "percent_statements_covered_display": "100"}, "missing_lines": [], "excluded_lines": [], "start_line": 945}, "CollabStorage.get_project_for_user": {"executed_lines": [949, 950, 964, 965, 966], "summary": {"covered_lines": 5, "num_statements": 5, "percent_covered": 100.0, "percent_covered_display": "100", "missing_lines": 0, "excluded_lines": 0, "percent_statements_covered": 100.0, "percent_statements_covered_display": "100"}, "missing_lines": [], "excluded_lines": [], "start_line": 948}, "CollabStorage.archive_project": {"executed_lines": [969, 970, 971, 972, 974, 978, 979, 981], "summary": {"covered_lines": 8, "num_statements": 10, "percent_covered": 80.0, "percent_covered_display": "80", "missing_lines": 2, "excluded_lines": 0, "percent_statements_covered": 80.0, "percent_statements_covered_display": "80"}, "missing_lines": [973, 980], "excluded_lines": [], "start_line": 968}, "CollabStorage.soft_delete_project": {"executed_lines": [984, 985, 986, 987, 989], "summary": {"covered_lines": 5, "num_statements": 6, "percent_covered": 83.33333333333333, "percent_covered_display": "83", "missing_lines": 1, "excluded_lines": 0, "percent_statements_covered": 83.33333333333333, "percent_statements_covered_display": "83"}, "missing_lines": [988], "excluded_lines": [], "start_line": 983}, "CollabStorage.add_project_member": {"executed_lines": [995, 996, 998, 999, 1002, 1003, 1004, 1005, 1008, 1009, 1012, 1013, 1017, 1024, 1025, 1035, 1049, 1058], "summary": {"covered_lines": 18, "num_statements": 23, "percent_covered": 78.26086956521739, "percent_covered_display": "78", "missing_lines": 5, "excluded_lines": 0, "percent_statements_covered": 78.26086956521739, "percent_statements_covered_display": "78"}, "missing_lines": [997, 1000, 1006, 1010, 1014], "excluded_lines": [], "start_line": 994}, "CollabStorage.list_project_members": {"executed_lines": [1068, 1069, 1070, 1072, 1082], "summary": {"covered_lines": 5, "num_statements": 6, "percent_covered": 83.33333333333333, "percent_covered_display": "83", "missing_lines": 1, "excluded_lines": 0, "percent_statements_covered": 83.33333333333333, "percent_statements_covered_display": "83"}, "missing_lines": [1071], "excluded_lines": [], "start_line": 1067}, "CollabStorage.update_project_member_role": {"executed_lines": [1101, 1102, 1104, 1105, 1106, 1107, 1110, 1117, 1120, 1128, 1137], "summary": {"covered_lines": 11, "num_statements": 14, "percent_covered": 78.57142857142857, "percent_covered_display": "79", "missing_lines": 3, "excluded_lines": 0, "percent_statements_covered": 78.57142857142857, "percent_statements_covered_display": "79"}, "missing_lines": [1103, 1108, 1118], "excluded_lines": [], "start_line": 1094}, "CollabStorage.remove_project_member": {"executed_lines": [1152, 1153, 1154, 1155, 1158, 1167, 1169, 1172, 1180], "summary": {"covered_lines": 9, "num_statements": 12, "percent_covered": 75.0, "percent_covered_display": "75", "missing_lines": 3, "excluded_lines": 0, "percent_statements_covered": 75.0, "percent_statements_covered_display": "75"}, "missing_lines": [1156, 1168, 1170], "excluded_lines": [], "start_line": 1146}, "CollabStorage._get_active_project_dataset_asset": {"executed_lines": [1198, 1199, 1201], "summary": {"covered_lines": 3, "num_statements": 4, "percent_covered": 75.0, "percent_covered_display": "75", "missing_lines": 1, "excluded_lines": 0, "percent_statements_covered": 75.0, "percent_statements_covered_display": "75"}, "missing_lines": [1200], "excluded_lines": [], "start_line": 1192}, "CollabStorage.list_active_project_dataset_assets": {"executed_lines": [1216, 1217, 1226], "summary": {"covered_lines": 3, "num_statements": 3, "percent_covered": 100.0, "percent_covered_display": "100", "missing_lines": 0, "excluded_lines": 0, "percent_statements_covered": 100.0, "percent_statements_covered_display": "100"}, "missing_lines": [], "excluded_lines": [], "start_line": 1215}, "CollabStorage.list_project_dataset_assets": {"executed_lines": [1229, 1230, 1231, 1233, 1242], "summary": {"covered_lines": 5, "num_statements": 6, "percent_covered": 83.33333333333333, "percent_covered_display": "83", "missing_lines": 1, "excluded_lines": 0, "percent_statements_covered": 83.33333333333333, "percent_statements_covered_display": "83"}, "missing_lines": [1232], "excluded_lines": [], "start_line": 1228}, "CollabStorage.get_project_dataset_asset": {"executed_lines": [1245, 1246, 1247, 1249, 1250], "summary": {"covered_lines": 5, "num_statements": 6, "percent_covered": 83.33333333333333, "percent_covered_display": "83", "missing_lines": 1, "excluded_lines": 0, "percent_statements_covered": 83.33333333333333, "percent_statements_covered_display": "83"}, "missing_lines": [1248], "excluded_lines": [], "start_line": 1244}, "CollabStorage._get_latest_project_dataset_version": {"executed_lines": [], "summary": {"covered_lines": 0, "num_statements": 4, "percent_covered": 0.0, "percent_covered_display": "0", "missing_lines": 4, "excluded_lines": 0, "percent_statements_covered": 0.0, "percent_statements_covered_display": "0"}, "missing_lines": [1258, 1266, 1267, 1268], "excluded_lines": [], "start_line": 1252}, "CollabStorage.prepare_project_dataset_asset": {"executed_lines": [1283, 1284, 1285, 1286, 1287, 1288, 1289, 1290, 1291, 1292, 1293, 1295, 1299, 1301, 1302, 1324, 1325, 1326, 1327], "summary": {"covered_lines": 19, "num_statements": 24, "percent_covered": 79.16666666666667, "percent_covered_display": "79", "missing_lines": 5, "excluded_lines": 0, "percent_statements_covered": 79.16666666666667, "percent_statements_covered_display": "79"}, "missing_lines": [1294, 1300, 1328, 1329, 1330], "excluded_lines": [], "start_line": 1270}, "CollabStorage.finalize_project_dataset_asset": {"executed_lines": [1344, 1345, 1346, 1347, 1348, 1349, 1351, 1359, 1361, 1362, 1374, 1389, 1390, 1391, 1392], "summary": {"covered_lines": 15, "num_statements": 20, "percent_covered": 75.0, "percent_covered_display": "75", "missing_lines": 5, "excluded_lines": 0, "percent_statements_covered": 75.0, "percent_statements_covered_display": "75"}, "missing_lines": [1350, 1360, 1393, 1394, 1395], "excluded_lines": [], "start_line": 1332}, "CollabStorage.mark_project_dataset_asset_failed": {"executed_lines": [1403, 1404, 1405, 1406, 1408, 1416, 1418, 1426, 1427, 1428], "summary": {"covered_lines": 10, "num_statements": 12, "percent_covered": 83.33333333333333, "percent_covered_display": "83", "missing_lines": 2, "excluded_lines": 0, "percent_statements_covered": 83.33333333333333, "percent_statements_covered_display": "83"}, "missing_lines": [1407, 1417], "excluded_lines": [], "start_line": 1397}, "CollabStorage.record_project_dataset_asset": {"executed_lines": [], "summary": {"covered_lines": 0, "num_statements": 4, "percent_covered": 0.0, "percent_covered_display": "0", "missing_lines": 4, "excluded_lines": 0, "percent_statements_covered": 0.0, "percent_statements_covered_display": "0"}, "missing_lines": [1444, 1453, 1454, 1455], "excluded_lines": [], "start_line": 1430}, "CollabStorage.update_project_dataset_schema": {"executed_lines": [], "summary": {"covered_lines": 0, "num_statements": 11, "percent_covered": 0.0, "percent_covered_display": "0", "missing_lines": 11, "excluded_lines": 0, "percent_statements_covered": 0.0, "percent_statements_covered_display": "0"}, "missing_lines": [1473, 1474, 1475, 1476, 1477, 1478, 1479, 1480, 1481, 1489, 1490], "excluded_lines": [], "start_line": 1466}, "CollabStorage.soft_delete_project_dataset_asset": {"executed_lines": [1498, 1499, 1500, 1501, 1503, 1504, 1506, 1514, 1515, 1516], "summary": {"covered_lines": 10, "num_statements": 12, "percent_covered": 83.33333333333333, "percent_covered_display": "83", "missing_lines": 2, "excluded_lines": 0, "percent_statements_covered": 83.33333333333333, "percent_statements_covered_display": "83"}, "missing_lines": [1502, 1505], "excluded_lines": [], "start_line": 1492}, "CollabStorage.create_project_job": {"executed_lines": [1528, 1529, 1530, 1531, 1532, 1533, 1534, 1536, 1540, 1542, 1561, 1562, 1563, 1564], "summary": {"covered_lines": 14, "num_statements": 19, "percent_covered": 73.6842105263158, "percent_covered_display": "74", "missing_lines": 5, "excluded_lines": 0, "percent_statements_covered": 73.6842105263158, "percent_statements_covered_display": "74"}, "missing_lines": [1535, 1541, 1565, 1566, 1567], "excluded_lines": [], "start_line": 1520}, "CollabStorage.list_project_jobs": {"executed_lines": [], "summary": {"covered_lines": 0, "num_statements": 6, "percent_covered": 0.0, "percent_covered_display": "0", "missing_lines": 6, "excluded_lines": 0, "percent_statements_covered": 0.0, "percent_statements_covered_display": "0"}, "missing_lines": [1570, 1571, 1572, 1573, 1574, 1584], "excluded_lines": [], "start_line": 1569}, "CollabStorage.get_project_job_for_user": {"executed_lines": [1587, 1588, 1589, 1591, 1592, 1594], "summary": {"covered_lines": 6, "num_statements": 8, "percent_covered": 75.0, "percent_covered_display": "75", "missing_lines": 2, "excluded_lines": 0, "percent_statements_covered": 75.0, "percent_statements_covered_display": "75"}, "missing_lines": [1590, 1593], "excluded_lines": [], "start_line": 1586}, "CollabStorage.get_project_job_internal": {"executed_lines": [1597, 1598, 1599], "summary": {"covered_lines": 3, "num_statements": 3, "percent_covered": 100.0, "percent_covered_display": "100", "missing_lines": 0, "excluded_lines": 0, "percent_statements_covered": 100.0, "percent_statements_covered_display": "100"}, "missing_lines": [], "excluded_lines": [], "start_line": 1596}, "CollabStorage.claim_next_project_job": {"executed_lines": [1602, 1603, 1604, 1605, 1606, 1614, 1615, 1616, 1620, 1622, 1623, 1624, 1625, 1626, 1627, 1636, 1637, 1638], "summary": {"covered_lines": 18, "num_statements": 22, "percent_covered": 81.81818181818181, "percent_covered_display": "82", "missing_lines": 4, "excluded_lines": 0, "percent_statements_covered": 81.81818181818181, "percent_statements_covered_display": "82"}, "missing_lines": [1621, 1639, 1640, 1641], "excluded_lines": [], "start_line": 1601}, "CollabStorage.update_project_job_progress": {"executed_lines": [1644, 1645, 1646, 1647, 1648, 1650, 1651, 1655, 1656], "summary": {"covered_lines": 9, "num_statements": 10, "percent_covered": 90.0, "percent_covered_display": "90", "missing_lines": 1, "excluded_lines": 0, "percent_statements_covered": 90.0, "percent_statements_covered_display": "90"}, "missing_lines": [1649], "excluded_lines": [], "start_line": 1643}, "CollabStorage.complete_project_job": {"executed_lines": [1659, 1660, 1661, 1662, 1664, 1673, 1674], "summary": {"covered_lines": 7, "num_statements": 8, "percent_covered": 87.5, "percent_covered_display": "88", "missing_lines": 1, "excluded_lines": 0, "percent_statements_covered": 87.5, "percent_statements_covered_display": "88"}, "missing_lines": [1663], "excluded_lines": [], "start_line": 1658}, "CollabStorage.fail_project_job": {"executed_lines": [], "summary": {"covered_lines": 0, "num_statements": 8, "percent_covered": 0.0, "percent_covered_display": "0", "missing_lines": 8, "excluded_lines": 0, "percent_statements_covered": 0.0, "percent_statements_covered_display": "0"}, "missing_lines": [1684, 1685, 1686, 1687, 1688, 1689, 1698, 1699], "excluded_lines": [], "start_line": 1676}, "CollabStorage.cancel_project_job": {"executed_lines": [1702, 1703, 1704, 1705, 1706, 1707, 1709, 1710, 1712, 1713, 1717, 1718, 1719, 1727, 1728, 1729], "summary": {"covered_lines": 16, "num_statements": 24, "percent_covered": 66.66666666666667, "percent_covered_display": "67", "missing_lines": 8, "excluded_lines": 0, "percent_statements_covered": 66.66666666666667, "percent_statements_covered_display": "67"}, "missing_lines": [1708, 1711, 1714, 1715, 1716, 1730, 1731, 1732], "excluded_lines": [], "start_line": 1701}, "CollabStorage.mark_project_job_canceled": {"executed_lines": [], "summary": {"covered_lines": 0, "num_statements": 8, "percent_covered": 0.0, "percent_covered_display": "0", "missing_lines": 8, "excluded_lines": 0, "percent_statements_covered": 0.0, "percent_statements_covered_display": "0"}, "missing_lines": [1735, 1736, 1737, 1738, 1739, 1740, 1748, 1749], "excluded_lines": [], "start_line": 1734}, "CollabStorage.get_project_state": {"executed_lines": [1754, 1755, 1756, 1758, 1762, 1764, 1765], "summary": {"covered_lines": 7, "num_statements": 9, "percent_covered": 77.77777777777777, "percent_covered_display": "78", "missing_lines": 2, "excluded_lines": 0, "percent_statements_covered": 77.77777777777777, "percent_statements_covered_display": "78"}, "missing_lines": [1757, 1763], "excluded_lines": [], "start_line": 1753}, "CollabStorage.get_project_state_since": {"executed_lines": [1774, 1775, 1776, 1777, 1778, 1786, 1787], "summary": {"covered_lines": 7, "num_statements": 7, "percent_covered": 100.0, "percent_covered_display": "100", "missing_lines": 0, "excluded_lines": 0, "percent_statements_covered": 100.0, "percent_statements_covered_display": "100"}, "missing_lines": [], "excluded_lines": [], "start_line": 1773}, "CollabStorage._apply_patches": {"executed_lines": [1799, 1800, 1801, 1802, 1807, 1808, 1809, 1811, 1814], "summary": {"covered_lines": 9, "num_statements": 15, "percent_covered": 60.0, "percent_covered_display": "60", "missing_lines": 6, "excluded_lines": 0, "percent_statements_covered": 60.0, "percent_statements_covered_display": "60"}, "missing_lines": [1803, 1804, 1805, 1806, 1810, 1813], "excluded_lines": [], "start_line": 1798}, "CollabStorage.commit_project_state": {"executed_lines": [1825, 1827, 1828, 1829, 1830, 1831, 1834, 1838, 1841, 1842, 1846, 1847, 1851, 1852, 1862, 1863, 1865, 1866, 1867, 1874, 1875, 1877, 1878, 1879, 1883, 1884, 1885, 1894, 1902, 1909, 1910, 1917, 1924, 1928, 1929], "summary": {"covered_lines": 35, "num_statements": 43, "percent_covered": 81.3953488372093, "percent_covered_display": "81", "missing_lines": 8, "excluded_lines": 0, "percent_statements_covered": 81.3953488372093, "percent_statements_covered_display": "81"}, "missing_lines": [1826, 1832, 1839, 1876, 1881, 1938, 1939, 1940], "excluded_lines": [], "start_line": 1816}, "CollabStorage.list_project_events": {"executed_lines": [1943, 1944, 1945, 1946, 1948, 1958, 1962, 1963, 1964, 1965, 1966, 1969, 1979], "summary": {"covered_lines": 13, "num_statements": 16, "percent_covered": 81.25, "percent_covered_display": "81", "missing_lines": 3, "excluded_lines": 0, "percent_statements_covered": 81.25, "percent_statements_covered_display": "81"}, "missing_lines": [1947, 1967, 1968], "excluded_lines": [], "start_line": 1942}, "": {"executed_lines": [1, 2, 3, 4, 5, 6, 7, 8, 11, 12, 14, 15, 16, 17, 19, 20, 21, 22, 23, 24, 25, 26, 29, 33, 37, 43, 54, 66, 67, 72, 78, 82, 87, 251, 259, 269, 282, 307, 345, 362, 402, 408, 442, 457, 476, 501, 512, 532, 544, 570, 577, 601, 612, 648, 665, 683, 732, 785, 814, 829, 880, 945, 948, 968, 983, 994, 1067, 1094, 1146, 1192, 1215, 1228, 1244, 1252, 1270, 1332, 1397, 1430, 1466, 1492, 1520, 1569, 1586, 1596, 1601, 1643, 1658, 1676, 1701, 1734, 1753, 1773, 1798, 1816, 1942, 1987], "summary": {"covered_lines": 96, "num_statements": 96, "percent_covered": 100.0, "percent_covered_display": "100", "missing_lines": 0, "excluded_lines": 0, "percent_statements_covered": 100.0, "percent_statements_covered_display": "100"}, "missing_lines": [], "excluded_lines": [], "start_line": 1}}, "classes": {"CollabStorage": {"executed_lines": [68, 69, 70, 73, 74, 75, 76, 79, 80, 83, 84, 88, 89, 241, 242, 243, 244, 245, 246, 247, 249, 252, 260, 270, 283, 284, 285, 288, 308, 309, 310, 311, 314, 315, 316, 319, 335, 341, 342, 343, 346, 360, 363, 364, 378, 379, 381, 382, 383, 384, 385, 386, 393, 400, 403, 404, 406, 409, 410, 411, 413, 414, 415, 416, 427, 428, 430, 437, 439, 440, 443, 444, 447, 448, 458, 459, 477, 478, 480, 482, 483, 485, 486, 487, 488, 490, 497, 498, 499, 502, 503, 504, 505, 507, 508, 509, 510, 520, 521, 522, 523, 530, 533, 534, 535, 536, 545, 546, 549, 550, 551, 558, 559, 561, 562, 571, 572, 574, 575, 578, 579, 580, 581, 582, 583, 595, 596, 597, 602, 610, 613, 614, 616, 619, 620, 621, 622, 623, 630, 637, 646, 649, 650, 651, 663, 684, 685, 687, 688, 691, 692, 693, 694, 697, 698, 701, 714, 723, 739, 740, 743, 744, 745, 746, 749, 756, 759, 767, 776, 786, 787, 788, 790, 800, 815, 827, 830, 831, 833, 836, 837, 838, 839, 840, 841, 844, 845, 848, 855, 862, 869, 878, 888, 889, 890, 891, 893, 899, 901, 902, 903, 904, 905, 907, 909, 910, 911, 922, 935, 936, 946, 949, 950, 964, 965, 966, 969, 970, 971, 972, 974, 978, 979, 981, 984, 985, 986, 987, 989, 995, 996, 998, 999, 1002, 1003, 1004, 1005, 1008, 1009, 1012, 1013, 1017, 1024, 1025, 1035, 1049, 1058, 1068, 1069, 1070, 1072, 1082, 1101, 1102, 1104, 1105, 1106, 1107, 1110, 1117, 1120, 1128, 1137, 1152, 1153, 1154, 1155, 1158, 1167, 1169, 1172, 1180, 1198, 1199, 1201, 1216, 1217, 1226, 1229, 1230, 1231, 1233, 1242, 1245, 1246, 1247, 1249, 1250, 1283, 1284, 1285, 1286, 1287, 1288, 1289, 1290, 1291, 1292, 1293, 1295, 1299, 1301, 1302, 1324, 1325, 1326, 1327, 1344, 1345, 1346, 1347, 1348, 1349, 1351, 1359, 1361, 1362, 1374, 1389, 1390, 1391, 1392, 1403, 1404, 1405, 1406, 1408, 1416, 1418, 1426, 1427, 1428, 1498, 1499, 1500, 1501, 1503, 1504, 1506, 1514, 1515, 1516, 1528, 1529, 1530, 1531, 1532, 1533, 1534, 1536, 1540, 1542, 1561, 1562, 1563, 1564, 1587, 1588, 1589, 1591, 1592, 1594, 1597, 1598, 1599, 1602, 1603, 1604, 1605, 1606, 1614, 1615, 1616, 1620, 1622, 1623, 1624, 1625, 1626, 1627, 1636, 1637, 1638, 1644, 1645, 1646, 1647, 1648, 1650, 1651, 1655, 1656, 1659, 1660, 1661, 1662, 1664, 1673, 1674, 1702, 1703, 1704, 1705, 1706, 1707, 1709, 1710, 1712, 1713, 1717, 1718, 1719, 1727, 1728, 1729, 1754, 1755, 1756, 1758, 1762, 1764, 1765, 1774, 1775, 1776, 1777, 1778, 1786, 1787, 1799, 1800, 1801, 1802, 1807, 1808, 1809, 1811, 1814, 1825, 1827, 1828, 1829, 1830, 1831, 1834, 1838, 1841, 1842, 1846, 1847, 1851, 1852, 1862, 1863, 1865, 1866, 1867, 1874, 1875, 1877, 1878, 1879, 1883, 1884, 1885, 1894, 1902, 1909, 1910, 1917, 1924, 1928, 1929, 1943, 1944, 1945, 1946, 1948, 1958, 1962, 1963, 1964, 1965, 1966, 1969, 1979], "summary": {"covered_lines": 486, "num_statements": 642, "percent_covered": 75.70093457943925, "percent_covered_display": "76", "missing_lines": 156, "excluded_lines": 0, "percent_statements_covered": 75.70093457943925, "percent_statements_covered_display": "76"}, "missing_lines": [85, 286, 287, 312, 313, 317, 318, 336, 405, 417, 425, 429, 445, 449, 450, 451, 452, 453, 454, 455, 479, 506, 547, 573, 615, 617, 666, 667, 679, 680, 681, 686, 689, 695, 699, 741, 747, 757, 789, 832, 834, 842, 846, 973, 980, 988, 997, 1000, 1006, 1010, 1014, 1071, 1103, 1108, 1118, 1156, 1168, 1170, 1200, 1232, 1248, 1258, 1266, 1267, 1268, 1294, 1300, 1328, 1329, 1330, 1350, 1360, 1393, 1394, 1395, 1407, 1417, 1444, 1453, 1454, 1455, 1473, 1474, 1475, 1476, 1477, 1478, 1479, 1480, 1481, 1489, 1490, 1502, 1505, 1535, 1541, 1565, 1566, 1567, 1570, 1571, 1572, 1573, 1574, 1584, 1590, 1593, 1621, 1639, 1640, 1641, 1649, 1663, 1684, 1685, 1686, 1687, 1688, 1689, 1698, 1699, 1708, 1711, 1714, 1715, 1716, 1730, 1731, 1732, 1735, 1736, 1737, 1738, 1739, 1740, 1748, 1749, 1757, 1763, 1803, 1804, 1805, 1806, 1810, 1813, 1826, 1832, 1839, 1876, 1881, 1938, 1939, 1940, 1947, 1967, 1968], "excluded_lines": [], "start_line": 66}, "": {"executed_lines": [1, 2, 3, 4, 5, 6, 7, 8, 11, 12, 14, 15, 16, 17, 19, 20, 21, 22, 23, 24, 25, 26, 29, 30, 33, 34, 37, 38, 39, 40, 43, 44, 45, 46, 48, 49, 54, 55, 56, 58, 59, 60, 62, 66, 67, 72, 78, 82, 87, 251, 259, 269, 282, 307, 345, 362, 402, 408, 442, 457, 476, 501, 512, 532, 544, 570, 577, 601, 612, 648, 665, 683, 732, 785, 814, 829, 880, 945, 948, 968, 983, 994, 1067, 1094, 1146, 1192, 1215, 1228, 1244, 1252, 1270, 1332, 1397, 1430, 1466, 1492, 1520, 1569, 1586, 1596, 1601, 1643, 1658, 1676, 1701, 1734, 1753, 1773, 1798, 1816, 1942, 1987], "summary": {"covered_lines": 112, "num_statements": 118, "percent_covered": 94.91525423728814, "percent_covered_display": "95", "missing_lines": 6, "excluded_lines": 0, "percent_statements_covered": 94.91525423728814, "percent_statements_covered_display": "95"}, "missing_lines": [47, 50, 51, 57, 61, 63], "excluded_lines": [], "start_line": 1}}}, "engine.py": {"executed_lines": [2, 3, 4, 5, 6, 7, 8, 9, 10, 11, 12, 13, 14, 15, 24, 25, 26, 27, 28, 31, 32, 33, 36, 37, 38, 39, 40, 41, 42, 44, 45, 48, 50, 51, 53, 54, 56, 57, 59, 60, 62, 64, 72, 74, 75, 77, 78, 80, 81, 82, 84, 85, 87, 88, 89, 91, 93, 96, 97, 98, 99, 100, 101, 103, 104, 105, 106, 107, 108, 110, 111, 112, 113, 114, 116, 117, 118, 120, 121, 123, 124, 125, 126, 127, 128, 129, 130, 131, 132, 133, 134, 136, 137, 138, 139, 140, 141, 142, 143, 144, 145, 147, 149, 151, 152, 154, 155, 157, 158, 159, 160, 161, 162, 168, 169, 171, 173, 174, 175, 176, 177, 180, 181, 182, 188, 189, 190, 192, 193, 198, 199, 201, 202, 203, 204, 206, 208, 209, 210, 212, 213, 215, 217, 221, 222, 223, 224, 225, 226, 228, 230, 231, 234, 235, 236, 239, 240, 241, 242, 243, 246, 247, 248, 251, 252, 253, 255, 258, 259, 260, 261, 262, 263, 264, 265, 266, 267, 268, 270, 279, 280, 281, 282, 284, 286, 287, 288, 289, 291, 292, 293, 295, 296, 297, 298, 299, 300, 302, 303, 304, 305, 306, 307, 308, 309, 310, 312, 313, 314, 315, 316, 317, 319, 320, 321, 322, 323, 324, 326, 327, 328, 330, 331, 333, 334, 335, 336, 338, 339, 340, 341, 342, 343, 345, 346, 347, 348, 350, 351, 352, 353, 354, 355, 356, 357, 359, 360, 361, 362, 364, 365, 366, 367, 368, 369, 370, 371, 372, 373, 374, 375, 376, 377, 378, 379, 380, 381, 382, 383, 385, 387, 388, 389, 390, 392, 393, 395, 396, 397, 398, 399, 400, 401, 402, 404, 405, 406, 407, 408, 409, 410, 411, 413, 414, 416, 417, 418, 419, 420, 421, 422, 424, 425, 426, 427, 428, 429, 430, 432, 434, 435, 438, 439, 440, 443, 444, 445, 446, 447, 448, 450, 451, 452, 453, 455, 456, 457, 458, 459, 461, 463, 464, 465, 466, 467, 468, 469, 470, 471, 472, 473, 475, 476, 478, 479, 480, 481, 482, 483, 484, 485, 486, 488, 489, 490, 491, 492, 493, 494, 495, 496, 497, 498, 500, 501, 502, 503, 504, 505, 506, 507, 508, 510, 511, 512, 513, 514, 515, 516, 517, 518, 519, 521, 522, 523, 524, 525, 526, 527, 529, 530, 531, 532, 533, 534, 535, 536, 538, 539, 540, 541, 542, 544, 545, 546, 547, 548, 549, 550, 551, 552, 554, 555, 556, 557, 558, 559, 560, 561, 562, 564, 565, 566, 568, 569, 571, 572, 574, 575, 576, 577, 579, 580, 581, 582, 583, 584, 585, 586, 587, 588, 589, 590, 591, 592, 593, 594, 596, 597, 599, 600, 601, 603, 605, 606, 607, 609, 610, 611, 612, 613, 615, 616, 617, 618, 619, 620, 621, 623, 624, 626, 629, 631, 632, 633, 637, 643, 645, 646, 647, 648, 651, 652, 653, 654, 655, 656, 657, 658, 659, 660, 661, 662, 663, 664, 666, 670, 673, 674, 675, 676, 678, 679, 680, 681, 682, 683, 684, 685, 686, 688, 689, 690, 691, 692, 693, 694, 695, 696, 699, 700, 701, 702, 703, 705, 706, 707, 708, 710, 711, 712, 713, 714, 715, 716, 717, 718, 719, 720, 721, 722, 723, 725, 726, 728, 729, 730, 733, 734, 735, 736, 737, 738, 740, 741, 742, 743, 744, 745, 748, 749, 750, 751, 752, 753, 754, 755, 757, 758, 759, 762, 763, 765, 766, 767, 769, 771, 772, 773, 775, 776, 777, 783, 785, 786, 788, 789, 790, 792, 793, 795, 796, 797, 798, 800, 802, 803, 804, 805, 807, 808, 809, 811, 812, 813, 814, 815, 817, 818, 819, 820, 821, 822, 824, 825, 826, 827, 828, 831, 833, 834, 835, 836, 837, 838, 839, 840, 841, 842, 844, 846, 847, 848, 850, 851, 853, 854, 855, 856, 858, 859, 861, 863, 864, 865, 866, 867, 868, 869, 870, 872, 873, 874, 875, 877, 878, 879, 880, 882, 884, 885, 886, 887, 888, 889, 891, 892, 893, 894, 896, 898, 899, 900, 901, 902, 903, 905, 906, 907, 908, 910, 912, 918, 920, 921, 922, 925, 927, 933, 935, 936, 937, 938, 939, 941, 943, 944, 945, 946, 948, 949, 950, 951, 952, 954, 956, 957, 958, 959, 961, 962, 964, 965, 966, 967, 968, 969, 970, 971, 972, 974, 975, 976, 977, 978, 979, 981, 982, 984, 985, 986, 987, 988, 989, 990, 991, 992, 993, 995, 996, 997, 998, 999, 1000, 1001, 1002, 1003, 1004, 1005, 1007, 1008, 1009, 1010, 1011, 1012, 1013, 1014, 1015, 1016, 1017, 1018, 1019, 1020, 1021, 1022, 1023, 1024, 1025, 1026, 1029, 1030, 1032, 1033, 1034, 1035, 1036, 1037, 1038, 1039, 1040, 1041, 1045, 1046, 1047, 1048, 1049, 1050, 1051, 1052, 1053, 1054, 1055, 1056, 1057, 1059, 1060, 1061, 1062, 1063, 1064, 1066, 1067, 1068, 1069, 1070], "summary": {"covered_lines": 805, "num_statements": 820, "percent_covered": 98.17073170731707, "percent_covered_display": "98", "missing_lines": 15, "excluded_lines": 0, "percent_statements_covered": 98.17073170731707, "percent_statements_covered_display": "98"}, "missing_lines": [178, 179, 667, 913, 914, 915, 916, 917, 923, 928, 929, 930, 931, 932, 1027], "excluded_lines": [], "functions": {"ExecutionEngine.execute": {"executed_lines": [26, 27, 28, 31, 32, 33, 36, 37, 38, 39, 40, 41, 42, 44, 45, 48, 50, 51, 53, 54, 56, 57, 59, 60, 62], "summary": {"covered_lines": 25, "num_statements": 25, "percent_covered": 100.0, "percent_covered_display": "100", "missing_lines": 0, "excluded_lines": 0, "percent_statements_covered": 100.0, "percent_statements_covered_display": "100"}, "missing_lines": [], "excluded_lines": [], "start_line": 25}, "ExecutionEngine.generate_sql": {"executed_lines": [72, 74, 75, 77, 78, 80, 81, 82, 84, 85, 87, 88, 89, 91, 93, 96, 97, 98, 99, 100, 101, 103, 104, 105, 106, 107, 108, 110, 111, 112, 113, 114, 116, 117, 118, 120, 121, 123, 124, 125, 126, 127, 128, 129, 130, 131, 132, 133, 134, 136, 137, 138, 139, 140, 141, 142, 143, 144, 145, 147, 149, 151, 152, 154, 155, 157, 158, 159, 160, 161, 162, 168, 169, 171], "summary": {"covered_lines": 74, "num_statements": 74, "percent_covered": 100.0, "percent_covered_display": "100", "missing_lines": 0, "excluded_lines": 0, "percent_statements_covered": 100.0, "percent_statements_covered_display": "100"}, "missing_lines": [], "excluded_lines": [], "start_line": 64}, "ExecutionEngine._serialize_command_meta": {"executed_lines": [174, 175, 176, 177, 180, 181, 182], "summary": {"covered_lines": 7, "num_statements": 9, "percent_covered": 77.77777777777777, "percent_covered_display": "78", "missing_lines": 2, "excluded_lines": 0, "percent_statements_covered": 77.77777777777777, "percent_statements_covered_display": "78"}, "missing_lines": [178, 179], "excluded_lines": [], "start_line": 173}, "ExecutionEngine._decorate_sql_with_command_meta": {"executed_lines": [189, 190, 192, 193, 198, 199, 201, 202, 203, 204], "summary": {"covered_lines": 10, "num_statements": 10, "percent_covered": 100.0, "percent_covered_display": "100", "missing_lines": 0, "excluded_lines": 0, "percent_statements_covered": 100.0, "percent_statements_covered_display": "100"}, "missing_lines": [], "excluded_lines": [], "start_line": 188}, "ExecutionEngine._execute_multi_table_sub": {"executed_lines": [208, 209, 210, 212, 213, 215, 217, 221, 222, 223, 224, 225, 226, 228, 230, 231, 234, 235, 236, 239, 240, 241, 242, 243, 246, 247, 248, 251, 252, 253, 255, 258, 259, 260, 261, 262, 263, 264, 265, 266, 267, 268, 270, 279, 280, 281, 282, 284], "summary": {"covered_lines": 48, "num_statements": 48, "percent_covered": 100.0, "percent_covered_display": "100", "missing_lines": 0, "excluded_lines": 0, "percent_statements_covered": 100.0, "percent_statements_covered_display": "100"}, "missing_lines": [], "excluded_lines": [], "start_line": 206}, "ExecutionEngine._rewrite_sub_table_on": {"executed_lines": [287, 288, 289, 291, 292, 293, 295, 296, 297, 298, 299, 300], "summary": {"covered_lines": 12, "num_statements": 12, "percent_covered": 100.0, "percent_covered_display": "100", "missing_lines": 0, "excluded_lines": 0, "percent_statements_covered": 100.0, "percent_statements_covered_display": "100"}, "missing_lines": [], "excluded_lines": [], "start_line": 286}, "ExecutionEngine._normalize_field_name": {"executed_lines": [303, 304, 305, 306, 307, 308, 309, 310], "summary": {"covered_lines": 8, "num_statements": 8, "percent_covered": 100.0, "percent_covered_display": "100", "missing_lines": 0, "excluded_lines": 0, "percent_statements_covered": 100.0, "percent_statements_covered_display": "100"}, "missing_lines": [], "excluded_lines": [], "start_line": 302}, "ExecutionEngine._build_sub_table_condition_group_sql": {"executed_lines": [313, 314, 315, 316, 317, 319, 320, 321, 322, 323, 324, 326, 327, 328, 330, 331, 333, 334, 335, 336], "summary": {"covered_lines": 20, "num_statements": 20, "percent_covered": 100.0, "percent_covered_display": "100", "missing_lines": 0, "excluded_lines": 0, "percent_statements_covered": 100.0, "percent_statements_covered_display": "100"}, "missing_lines": [], "excluded_lines": [], "start_line": 312}, "ExecutionEngine._build_sub_table_link_condition_sql": {"executed_lines": [339, 340, 341, 342, 343, 345, 346, 347, 348, 350, 351, 352, 353, 354, 355, 356, 357, 359, 360, 361, 362, 364, 365, 366, 367, 368, 369, 370, 371, 372, 373, 374, 375, 376, 377, 378, 379, 380, 381, 382, 383, 385], "summary": {"covered_lines": 42, "num_statements": 42, "percent_covered": 100.0, "percent_covered_display": "100", "missing_lines": 0, "excluded_lines": 0, "percent_statements_covered": 100.0, "percent_statements_covered_display": "100"}, "missing_lines": [], "excluded_lines": [], "start_line": 338}, "ExecutionEngine.calculate_overlap": {"executed_lines": [388, 389, 390, 392, 393, 395, 396, 397, 398, 399, 400, 401, 402, 404, 405, 406, 407, 408, 409, 410, 411, 413, 414], "summary": {"covered_lines": 23, "num_statements": 23, "percent_covered": 100.0, "percent_covered_display": "100", "missing_lines": 0, "excluded_lines": 0, "percent_statements_covered": 100.0, "percent_statements_covered_display": "100"}, "missing_lines": [], "excluded_lines": [], "start_line": 387}, "ExecutionEngine._find_path_to_node": {"executed_lines": [417, 418, 419, 420, 421, 422], "summary": {"covered_lines": 6, "num_statements": 6, "percent_covered": 100.0, "percent_covered_display": "100", "missing_lines": 0, "excluded_lines": 0, "percent_statements_covered": 100.0, "percent_statements_covered_display": "100"}, "missing_lines": [], "excluded_lines": [], "start_line": 416}, "ExecutionEngine._find_node_recursive": {"executed_lines": [425, 426, 427, 428, 429, 430], "summary": {"covered_lines": 6, "num_statements": 6, "percent_covered": 100.0, "percent_covered_display": "100", "missing_lines": 0, "excluded_lines": 0, "percent_statements_covered": 100.0, "percent_statements_covered_display": "100"}, "missing_lines": [], "excluded_lines": [], "start_line": 424}, "ExecutionEngine._resolve_table_from_link_id": {"executed_lines": [434, 435, 438, 439, 440, 443, 444, 445, 446, 447, 448], "summary": {"covered_lines": 11, "num_statements": 11, "percent_covered": 100.0, "percent_covered_display": "100", "missing_lines": 0, "excluded_lines": 0, "percent_statements_covered": 100.0, "percent_statements_covered_display": "100"}, "missing_lines": [], "excluded_lines": [], "start_line": 432}, "ExecutionEngine._collect_setup_sources": {"executed_lines": [451, 452, 453, 455, 461, 475, 476], "summary": {"covered_lines": 7, "num_statements": 7, "percent_covered": 100.0, "percent_covered_display": "100", "missing_lines": 0, "excluded_lines": 0, "percent_statements_covered": 100.0, "percent_statements_covered_display": "100"}, "missing_lines": [], "excluded_lines": [], "start_line": 450}, "ExecutionEngine._collect_setup_sources.add_mapping": {"executed_lines": [456, 457, 458, 459], "summary": {"covered_lines": 4, "num_statements": 4, "percent_covered": 100.0, "percent_covered_display": "100", "missing_lines": 0, "excluded_lines": 0, "percent_statements_covered": 100.0, "percent_statements_covered_display": "100"}, "missing_lines": [], "excluded_lines": [], "start_line": 455}, "ExecutionEngine._collect_setup_sources.visit": {"executed_lines": [463, 464, 465, 466, 467, 468, 469, 470, 471, 472, 473], "summary": {"covered_lines": 11, "num_statements": 11, "percent_covered": 100.0, "percent_covered_display": "100", "missing_lines": 0, "excluded_lines": 0, "percent_statements_covered": 100.0, "percent_statements_covered_display": "100"}, "missing_lines": [], "excluded_lines": [], "start_line": 461}, "ExecutionEngine._resolve_setup_table": {"executed_lines": [479, 480, 481, 482, 483, 484, 485, 486], "summary": {"covered_lines": 8, "num_statements": 8, "percent_covered": 100.0, "percent_covered_display": "100", "missing_lines": 0, "excluded_lines": 0, "percent_statements_covered": 100.0, "percent_statements_covered_display": "100"}, "missing_lines": [], "excluded_lines": [], "start_line": 478}, "ExecutionEngine._rewrite_join_on": {"executed_lines": [489, 490, 491, 492, 493, 494, 495, 496, 497, 498], "summary": {"covered_lines": 10, "num_statements": 10, "percent_covered": 100.0, "percent_covered_display": "100", "missing_lines": 0, "excluded_lines": 0, "percent_statements_covered": 100.0, "percent_statements_covered_display": "100"}, "missing_lines": [], "excluded_lines": [], "start_line": 488}, "ExecutionEngine._replace_ident_prefix": {"executed_lines": [501, 502, 503, 504, 505, 506, 507, 508], "summary": {"covered_lines": 8, "num_statements": 8, "percent_covered": 100.0, "percent_covered_display": "100", "missing_lines": 0, "excluded_lines": 0, "percent_statements_covered": 100.0, "percent_statements_covered_display": "100"}, "missing_lines": [], "excluded_lines": [], "start_line": 500}, "ExecutionEngine._extract_simple_select": {"executed_lines": [511, 512, 513, 514, 515, 516, 517, 518, 519], "summary": {"covered_lines": 9, "num_statements": 9, "percent_covered": 100.0, "percent_covered_display": "100", "missing_lines": 0, "excluded_lines": 0, "percent_statements_covered": 100.0, "percent_statements_covered_display": "100"}, "missing_lines": [], "excluded_lines": [], "start_line": 510}, "ExecutionEngine._extract_where_clause": {"executed_lines": [522, 523, 524, 525, 526, 527], "summary": {"covered_lines": 6, "num_statements": 6, "percent_covered": 100.0, "percent_covered_display": "100", "missing_lines": 0, "excluded_lines": 0, "percent_statements_covered": 100.0, "percent_statements_covered_display": "100"}, "missing_lines": [], "excluded_lines": [], "start_line": 521}, "ExecutionEngine._select_input_table": {"executed_lines": [530, 531, 532, 533, 534, 535, 536], "summary": {"covered_lines": 7, "num_statements": 7, "percent_covered": 100.0, "percent_covered_display": "100", "missing_lines": 0, "excluded_lines": 0, "percent_statements_covered": 100.0, "percent_statements_covered_display": "100"}, "missing_lines": [], "excluded_lines": [], "start_line": 529}, "ExecutionEngine._build_view_sql": {"executed_lines": [539, 540, 541, 542, 544, 545, 546, 547, 548, 549, 550, 551, 552, 554, 555, 556, 557, 558, 559, 560, 561, 562, 564, 565, 566, 568, 569, 571, 572, 574, 575, 576, 577, 579, 580, 581, 582, 583, 584, 585, 586, 587, 588, 589, 590, 591, 592, 593, 594, 596, 597, 599, 600, 601, 603], "summary": {"covered_lines": 55, "num_statements": 55, "percent_covered": 100.0, "percent_covered_display": "100", "missing_lines": 0, "excluded_lines": 0, "percent_statements_covered": 100.0, "percent_statements_covered_display": "100"}, "missing_lines": [], "excluded_lines": [], "start_line": 538}, "ExecutionEngine._copy_command_with_overrides": {"executed_lines": [606, 607, 609, 610, 611, 612, 613], "summary": {"covered_lines": 7, "num_statements": 7, "percent_covered": 100.0, "percent_covered_display": "100", "missing_lines": 0, "excluded_lines": 0, "percent_statements_covered": 100.0, "percent_statements_covered_display": "100"}, "missing_lines": [], "excluded_lines": [], "start_line": 605}, "ExecutionEngine._apply_node_commands": {"executed_lines": [616, 617, 618, 619, 620, 621, 623, 624, 626, 629, 631, 632, 633, 637, 643, 645, 646, 647, 648, 651, 652, 653, 654, 655, 656, 657, 658, 659, 660, 661, 662, 663, 664, 666, 670, 673, 674, 675, 676, 678, 679, 680, 681, 682, 683, 684, 685, 686, 688, 689, 690, 691, 692, 693, 694, 695, 696, 699, 700, 701, 702, 703, 705, 706, 707, 708, 710, 711, 712, 713, 714, 715, 716, 717, 718, 719, 720, 721, 722, 723, 725, 726, 728, 729, 730, 733, 734, 735, 736, 737, 738, 740, 741, 742, 743, 744, 745, 748, 749, 750, 751, 752, 753, 754, 755, 757, 758, 759, 762, 763, 765, 766, 767, 769], "summary": {"covered_lines": 114, "num_statements": 115, "percent_covered": 99.1304347826087, "percent_covered_display": "99", "missing_lines": 1, "excluded_lines": 0, "percent_statements_covered": 99.1304347826087, "percent_statements_covered_display": "99"}, "missing_lines": [667], "excluded_lines": [], "start_line": 615}, "ExecutionEngine._apply_filter": {"executed_lines": [772, 773, 775, 776, 777, 783, 785, 786], "summary": {"covered_lines": 8, "num_statements": 8, "percent_covered": 100.0, "percent_covered_display": "100", "missing_lines": 0, "excluded_lines": 0, "percent_statements_covered": 100.0, "percent_statements_covered_display": "100"}, "missing_lines": [], "excluded_lines": [], "start_line": 771}, "ExecutionEngine._get_group_mask": {"executed_lines": [789, 790, 792, 793, 795, 796, 797, 798, 800, 802, 803, 804, 805, 807, 808, 809], "summary": {"covered_lines": 16, "num_statements": 16, "percent_covered": 100.0, "percent_covered_display": "100", "missing_lines": 0, "excluded_lines": 0, "percent_statements_covered": 100.0, "percent_statements_covered_display": "100"}, "missing_lines": [], "excluded_lines": [], "start_line": 788}, "ExecutionEngine._get_condition_mask": {"executed_lines": [812, 813, 814, 815, 817, 818, 819, 820, 821, 822, 824, 825, 826, 827, 828, 831, 833, 834, 835, 836, 837, 838, 839, 840, 841, 842, 844, 846, 847, 848, 850, 851, 853, 854, 855, 856, 858, 859, 861, 863, 864, 865, 866, 867, 868, 869, 870, 872, 873, 874, 875, 877, 878, 879, 880, 882, 884, 885, 886, 887, 888, 889, 891, 892, 893, 894, 896, 898, 899, 900, 901, 902, 903, 905, 906, 907, 908, 910, 912, 918, 920, 921, 922, 925, 927, 933, 935, 936, 937, 938, 939, 941], "summary": {"covered_lines": 92, "num_statements": 103, "percent_covered": 89.32038834951456, "percent_covered_display": "89", "missing_lines": 11, "excluded_lines": 0, "percent_statements_covered": 89.32038834951456, "percent_statements_covered_display": "89"}, "missing_lines": [913, 914, 915, 916, 917, 923, 928, 929, 930, 931, 932], "excluded_lines": [], "start_line": 811}, "ExecutionEngine._apply_join": {"executed_lines": [944, 945, 946, 948, 949, 950, 951, 952, 954, 956, 957, 958, 959, 961, 962, 964, 965, 966, 967, 968, 969, 970, 971, 972], "summary": {"covered_lines": 24, "num_statements": 24, "percent_covered": 100.0, "percent_covered_display": "100", "missing_lines": 0, "excluded_lines": 0, "percent_statements_covered": 100.0, "percent_statements_covered_display": "100"}, "missing_lines": [], "excluded_lines": [], "start_line": 943}, "ExecutionEngine._apply_group": {"executed_lines": [975, 976, 977, 978, 979, 981, 982, 984, 985, 986, 987, 988, 989, 990, 991, 992, 993, 995, 996, 997, 998, 999, 1000, 1001, 1002, 1003, 1004, 1005, 1007, 1008, 1009, 1010, 1011, 1012, 1013, 1014, 1015, 1016, 1017, 1018, 1019, 1020, 1021, 1022, 1023, 1024, 1025, 1026, 1029, 1030], "summary": {"covered_lines": 50, "num_statements": 51, "percent_covered": 98.03921568627452, "percent_covered_display": "98", "missing_lines": 1, "excluded_lines": 0, "percent_statements_covered": 98.03921568627452, "percent_statements_covered_display": "98"}, "missing_lines": [1027], "excluded_lines": [], "start_line": 974}, "ExecutionEngine._apply_transform": {"executed_lines": [1033, 1034, 1035, 1036, 1037, 1038, 1039, 1040, 1041, 1045, 1046, 1047, 1062, 1063, 1064], "summary": {"covered_lines": 15, "num_statements": 15, "percent_covered": 100.0, "percent_covered_display": "100", "missing_lines": 0, "excluded_lines": 0, "percent_statements_covered": 100.0, "percent_statements_covered_display": "100"}, "missing_lines": [], "excluded_lines": [], "start_line": 1032}, "ExecutionEngine._apply_transform.apply_row": {"executed_lines": [1048, 1049, 1050, 1051, 1052, 1053, 1054, 1055, 1056, 1057, 1059, 1060, 1061], "summary": {"covered_lines": 13, "num_statements": 13, "percent_covered": 100.0, "percent_covered_display": "100", "missing_lines": 0, "excluded_lines": 0, "percent_statements_covered": 100.0, "percent_statements_covered_display": "100"}, "missing_lines": [], "excluded_lines": [], "start_line": 1047}, "ExecutionEngine._apply_sort": {"executed_lines": [1067, 1068, 1069, 1070], "summary": {"covered_lines": 4, "num_statements": 4, "percent_covered": 100.0, "percent_covered_display": "100", "missing_lines": 0, "excluded_lines": 0, "percent_statements_covered": 100.0, "percent_statements_covered_display": "100"}, "missing_lines": [], "excluded_lines": [], "start_line": 1066}, "": {"executed_lines": [2, 3, 4, 5, 6, 7, 8, 9, 10, 11, 12, 13, 14, 15, 24, 25, 64, 173, 188, 206, 286, 302, 312, 338, 387, 416, 424, 432, 450, 478, 488, 500, 510, 521, 529, 538, 605, 615, 771, 788, 811, 943, 974, 1032, 1066], "summary": {"covered_lines": 45, "num_statements": 45, "percent_covered": 100.0, "percent_covered_display": "100", "missing_lines": 0, "excluded_lines": 0, "percent_statements_covered": 100.0, "percent_statements_covered_display": "100"}, "missing_lines": [], "excluded_lines": [], "start_line": 1}}, "classes": {"ExecutionEngine": {"executed_lines": [26, 27, 28, 31, 32, 33, 36, 37, 38, 39, 40, 41, 42, 44, 45, 48, 50, 51, 53, 54, 56, 57, 59, 60, 62, 72, 74, 75, 77, 78, 80, 81, 82, 84, 85, 87, 88, 89, 91, 93, 96, 97, 98, 99, 100, 101, 103, 104, 105, 106, 107, 108, 110, 111, 112, 113, 114, 116, 117, 118, 120, 121, 123, 124, 125, 126, 127, 128, 129, 130, 131, 132, 133, 134, 136, 137, 138, 139, 140, 141, 142, 143, 144, 145, 147, 149, 151, 152, 154, 155, 157, 158, 159, 160, 161, 162, 168, 169, 171, 174, 175, 176, 177, 180, 181, 182, 189, 190, 192, 193, 198, 199, 201, 202, 203, 204, 208, 209, 210, 212, 213, 215, 217, 221, 222, 223, 224, 225, 226, 228, 230, 231, 234, 235, 236, 239, 240, 241, 242, 243, 246, 247, 248, 251, 252, 253, 255, 258, 259, 260, 261, 262, 263, 264, 265, 266, 267, 268, 270, 279, 280, 281, 282, 284, 287, 288, 289, 291, 292, 293, 295, 296, 297, 298, 299, 300, 303, 304, 305, 306, 307, 308, 309, 310, 313, 314, 315, 316, 317, 319, 320, 321, 322, 323, 324, 326, 327, 328, 330, 331, 333, 334, 335, 336, 339, 340, 341, 342, 343, 345, 346, 347, 348, 350, 351, 352, 353, 354, 355, 356, 357, 359, 360, 361, 362, 364, 365, 366, 367, 368, 369, 370, 371, 372, 373, 374, 375, 376, 377, 378, 379, 380, 381, 382, 383, 385, 388, 389, 390, 392, 393, 395, 396, 397, 398, 399, 400, 401, 402, 404, 405, 406, 407, 408, 409, 410, 411, 413, 414, 417, 418, 419, 420, 421, 422, 425, 426, 427, 428, 429, 430, 434, 435, 438, 439, 440, 443, 444, 445, 446, 447, 448, 451, 452, 453, 455, 456, 457, 458, 459, 461, 463, 464, 465, 466, 467, 468, 469, 470, 471, 472, 473, 475, 476, 479, 480, 481, 482, 483, 484, 485, 486, 489, 490, 491, 492, 493, 494, 495, 496, 497, 498, 501, 502, 503, 504, 505, 506, 507, 508, 511, 512, 513, 514, 515, 516, 517, 518, 519, 522, 523, 524, 525, 526, 527, 530, 531, 532, 533, 534, 535, 536, 539, 540, 541, 542, 544, 545, 546, 547, 548, 549, 550, 551, 552, 554, 555, 556, 557, 558, 559, 560, 561, 562, 564, 565, 566, 568, 569, 571, 572, 574, 575, 576, 577, 579, 580, 581, 582, 583, 584, 585, 586, 587, 588, 589, 590, 591, 592, 593, 594, 596, 597, 599, 600, 601, 603, 606, 607, 609, 610, 611, 612, 613, 616, 617, 618, 619, 620, 621, 623, 624, 626, 629, 631, 632, 633, 637, 643, 645, 646, 647, 648, 651, 652, 653, 654, 655, 656, 657, 658, 659, 660, 661, 662, 663, 664, 666, 670, 673, 674, 675, 676, 678, 679, 680, 681, 682, 683, 684, 685, 686, 688, 689, 690, 691, 692, 693, 694, 695, 696, 699, 700, 701, 702, 703, 705, 706, 707, 708, 710, 711, 712, 713, 714, 715, 716, 717, 718, 719, 720, 721, 722, 723, 725, 726, 728, 729, 730, 733, 734, 735, 736, 737, 738, 740, 741, 742, 743, 744, 745, 748, 749, 750, 751, 752, 753, 754, 755, 757, 758, 759, 762, 763, 765, 766, 767, 769, 772, 773, 775, 776, 777, 783, 785, 786, 789, 790, 792, 793, 795, 796, 797, 798, 800, 802, 803, 804, 805, 807, 808, 809, 812, 813, 814, 815, 817, 818, 819, 820, 821, 822, 824, 825, 826, 827, 828, 831, 833, 834, 835, 836, 837, 838, 839, 840, 841, 842, 844, 846, 847, 848, 850, 851, 853, 854, 855, 856, 858, 859, 861, 863, 864, 865, 866, 867, 868, 869, 870, 872, 873, 874, 875, 877, 878, 879, 880, 882, 884, 885, 886, 887, 888, 889, 891, 892, 893, 894, 896, 898, 899, 900, 901, 902, 903, 905, 906, 907, 908, 910, 912, 918, 920, 921, 922, 925, 927, 933, 935, 936, 937, 938, 939, 941, 944, 945, 946, 948, 949, 950, 951, 952, 954, 956, 957, 958, 959, 961, 962, 964, 965, 966, 967, 968, 969, 970, 971, 972, 975, 976, 977, 978, 979, 981, 982, 984, 985, 986, 987, 988, 989, 990, 991, 992, 993, 995, 996, 997, 998, 999, 1000, 1001, 1002, 1003, 1004, 1005, 1007, 1008, 1009, 1010, 1011, 1012, 1013, 1014, 1015, 1016, 1017, 1018, 1019, 1020, 1021, 1022, 1023, 1024, 1025, 1026, 1029, 1030, 1033, 1034, 1035, 1036, 1037, 1038, 1039, 1040, 1041, 1045, 1046, 1047, 1048, 1049, 1050, 1051, 1052, 1053, 1054, 1055, 1056, 1057, 1059, 1060, 1061, 1062, 1063, 1064, 1067, 1068, 1069, 1070], "summary": {"covered_lines": 760, "num_statements": 775, "percent_covered": 98.06451612903226, "percent_covered_display": "98", "missing_lines": 15, "excluded_lines": 0, "percent_statements_covered": 98.06451612903226, "percent_statements_covered_display": "98"}, "missing_lines": [178, 179, 667, 913, 914, 915, 916, 917, 923, 928, 929, 930, 931, 932, 1027], "excluded_lines": [], "start_line": 24}, "": {"executed_lines": [2, 3, 4, 5, 6, 7, 8, 9, 10, 11, 12, 13, 14, 15, 24, 25, 64, 173, 188, 206, 286, 302, 312, 338, 387, 416, 424, 432, 450, 478, 488, 500, 510, 521, 529, 538, 605, 615, 771, 788, 811, 943, 974, 1032, 1066], "summary": {"covered_lines": 45, "num_statements": 45, "percent_covered": 100.0, "percent_covered_display": "100", "missing_lines": 0, "excluded_lines": 0, "percent_statements_covered": 100.0, "percent_statements_covered_display": "100"}, "missing_lines": [], "excluded_lines": [], "start_line": 1}}}, "generate_openapi_schema.py": {"executed_lines": [1, 3, 4, 5, 7, 9, 12, 13, 16, 17, 18, 19, 20, 21, 24], "summary": {"covered_lines": 15, "num_statements": 16, "percent_covered": 93.75, "percent_covered_display": "94", "missing_lines": 1, "excluded_lines": 0, "percent_statements_covered": 93.75, "percent_statements_covered_display": "94"}, "missing_lines": [25], "excluded_lines": [], "functions": {"build_openapi_schema": {"executed_lines": [13], "summary": {"covered_lines": 1, "num_statements": 1, "percent_covered": 100.0, "percent_covered_display": "100", "missing_lines": 0, "excluded_lines": 0, "percent_statements_covered": 100.0, "percent_statements_covered_display": "100"}, "missing_lines": [], "excluded_lines": [], "start_line": 12}, "write_openapi_schema": {"executed_lines": [17, 18, 19, 20, 21], "summary": {"covered_lines": 5, "num_statements": 5, "percent_covered": 100.0, "percent_covered_display": "100", "missing_lines": 0, "excluded_lines": 0, "percent_statements_covered": 100.0, "percent_statements_covered_display": "100"}, "missing_lines": [], "excluded_lines": [], "start_line": 16}, "": {"executed_lines": [1, 3, 4, 5, 7, 9, 12, 16, 24], "summary": {"covered_lines": 9, "num_statements": 10, "percent_covered": 90.0, "percent_covered_display": "90", "missing_lines": 1, "excluded_lines": 0, "percent_statements_covered": 90.0, "percent_statements_covered_display": "90"}, "missing_lines": [25], "excluded_lines": [], "start_line": 1}}, "classes": {"": {"executed_lines": [1, 3, 4, 5, 7, 9, 12, 13, 16, 17, 18, 19, 20, 21, 24], "summary": {"covered_lines": 15, "num_statements": 16, "percent_covered": 93.75, "percent_covered_display": "94", "missing_lines": 1, "excluded_lines": 0, "percent_statements_covered": 93.75, "percent_statements_covered_display": "94"}, "missing_lines": [25], "excluded_lines": [], "start_line": 1}}}, "job_runner.py": {"executed_lines": [1, 2, 5, 6, 13, 14, 18, 19, 27, 28, 29, 30, 31, 32, 33, 35, 36, 37, 39, 40, 41, 43, 44, 45, 46, 47, 48, 49, 51, 52, 53, 56, 57, 58, 59, 61, 62, 63, 64, 65, 66, 69, 87, 88, 89], "summary": {"covered_lines": 45, "num_statements": 59, "percent_covered": 76.27118644067797, "percent_covered_display": "76", "missing_lines": 14, "excluded_lines": 0, "percent_statements_covered": 76.27118644067797, "percent_statements_covered_display": "76"}, "missing_lines": [7, 8, 9, 10, 15, 38, 67, 68, 70, 71, 72, 73, 79, 80], "excluded_lines": [], "functions": {"JobExecutionError.__init__": {"executed_lines": [], "summary": {"covered_lines": 0, "num_statements": 4, "percent_covered": 0.0, "percent_covered_display": "0", "missing_lines": 4, "excluded_lines": 0, "percent_statements_covered": 0.0, "percent_statements_covered_display": "0"}, "missing_lines": [7, 8, 9, 10], "excluded_lines": [], "start_line": 6}, "JobCanceledError.__init__": {"executed_lines": [], "summary": {"covered_lines": 0, "num_statements": 1, "percent_covered": 0.0, "percent_covered_display": "0", "missing_lines": 1, "excluded_lines": 0, "percent_statements_covered": 0.0, "percent_statements_covered_display": "0"}, "missing_lines": [15], "excluded_lines": [], "start_line": 14}, "ProjectJobRunner.__init__": {"executed_lines": [27, 28, 29, 30, 31, 32, 33], "summary": {"covered_lines": 7, "num_statements": 7, "percent_covered": 100.0, "percent_covered_display": "100", "missing_lines": 0, "excluded_lines": 0, "percent_statements_covered": 100.0, "percent_statements_covered_display": "100"}, "missing_lines": [], "excluded_lines": [], "start_line": 19}, "ProjectJobRunner.start": {"executed_lines": [36, 37, 39, 40, 41], "summary": {"covered_lines": 5, "num_statements": 6, "percent_covered": 83.33333333333333, "percent_covered_display": "83", "missing_lines": 1, "excluded_lines": 0, "percent_statements_covered": 83.33333333333333, "percent_statements_covered_display": "83"}, "missing_lines": [38], "excluded_lines": [], "start_line": 35}, "ProjectJobRunner.stop": {"executed_lines": [44, 45, 46, 47, 48, 49], "summary": {"covered_lines": 6, "num_statements": 6, "percent_covered": 100.0, "percent_covered_display": "100", "missing_lines": 0, "excluded_lines": 0, "percent_statements_covered": 100.0, "percent_statements_covered_display": "100"}, "missing_lines": [], "excluded_lines": [], "start_line": 43}, "ProjectJobRunner._run_loop": {"executed_lines": [52, 53, 56, 57, 58, 59], "summary": {"covered_lines": 6, "num_statements": 6, "percent_covered": 100.0, "percent_covered_display": "100", "missing_lines": 0, "excluded_lines": 0, "percent_statements_covered": 100.0, "percent_statements_covered_display": "100"}, "missing_lines": [], "excluded_lines": [], "start_line": 51}, "ProjectJobRunner._process_claimed_job": {"executed_lines": [62, 63, 64, 65, 66, 69], "summary": {"covered_lines": 6, "num_statements": 14, "percent_covered": 42.857142857142854, "percent_covered_display": "43", "missing_lines": 8, "excluded_lines": 0, "percent_statements_covered": 42.857142857142854, "percent_statements_covered_display": "43"}, "missing_lines": [67, 68, 70, 71, 72, 73, 79, 80], "excluded_lines": [], "start_line": 61}, "ProjectJobRunner.is_cancel_requested": {"executed_lines": [88, 89], "summary": {"covered_lines": 2, "num_statements": 2, "percent_covered": 100.0, "percent_covered_display": "100", "missing_lines": 0, "excluded_lines": 0, "percent_statements_covered": 100.0, "percent_statements_covered_display": "100"}, "missing_lines": [], "excluded_lines": [], "start_line": 87}, "": {"executed_lines": [1, 2, 5, 6, 13, 14, 18, 19, 35, 43, 51, 61, 87], "summary": {"covered_lines": 13, "num_statements": 13, "percent_covered": 100.0, "percent_covered_display": "100", "missing_lines": 0, "excluded_lines": 0, "percent_statements_covered": 100.0, "percent_statements_covered_display": "100"}, "missing_lines": [], "excluded_lines": [], "start_line": 1}}, "classes": {"JobExecutionError": {"executed_lines": [], "summary": {"covered_lines": 0, "num_statements": 4, "percent_covered": 0.0, "percent_covered_display": "0", "missing_lines": 4, "excluded_lines": 0, "percent_statements_covered":
[...]
ments_covered": 100.0, "percent_statements_covered_display": "100"}, "missing_lines": [], "excluded_lines": [], "start_line": 99}, "test_filter_not_in_variable": {"executed_lines": [104, 105], "summary": {"covered_lines": 2, "num_statements": 2, "percent_covered": 100.0, "percent_covered_display": "100", "missing_lines": 0, "excluded_lines": 0, "percent_statements_covered": 100.0, "percent_statements_covered_display": "100"}, "missing_lines": [], "excluded_lines": [], "start_line": 103}, "test_filter_is_empty": {"executed_lines": [108, 109, 110], "summary": {"covered_lines": 3, "num_statements": 3, "percent_covered": 100.0, "percent_covered_display": "100", "missing_lines": 0, "excluded_lines": 0, "percent_statements_covered": 100.0, "percent_statements_covered_display": "100"}, "missing_lines": [], "excluded_lines": [], "start_line": 107}, "test_filter_is_not_empty": {"executed_lines": [113, 114, 115], "summary": {"covered_lines": 3, "num_statements": 3, "percent_covered": 100.0, "percent_covered_display": "100", "missing_lines": 0, "excluded_lines": 0, "percent_statements_covered": 100.0, "percent_statements_covered_display": "100"}, "missing_lines": [], "excluded_lines": [], "start_line": 112}, "test_filter_is_null": {"executed_lines": [118, 119], "summary": {"covered_lines": 2, "num_statements": 2, "percent_covered": 100.0, "percent_covered_display": "100", "missing_lines": 0, "excluded_lines": 0, "percent_statements_covered": 100.0, "percent_statements_covered_display": "100"}, "missing_lines": [], "excluded_lines": [], "start_line": 117}, "test_filter_is_not_null": {"executed_lines": [122, 123], "summary": {"covered_lines": 2, "num_statements": 2, "percent_covered": 100.0, "percent_covered_display": "100", "missing_lines": 0, "excluded_lines": 0, "percent_statements_covered": 100.0, "percent_statements_covered_display": "100"}, "missing_lines": [], "excluded_lines": [], "start_line": 121}, "test_filter_complex_string_quote": {"executed_lines": [127, 128], "summary": {"covered_lines": 2, "num_statements": 2, "percent_covered": 100.0, "percent_covered_display": "100", "missing_lines": 0, "excluded_lines": 0, "percent_statements_covered": 100.0, "percent_statements_covered_display": "100"}, "missing_lines": [], "excluded_lines": [], "start_line": 125}, "test_filter_variable_complex_string": {"executed_lines": [131, 132], "summary": {"covered_lines": 2, "num_statements": 2, "percent_covered": 100.0, "percent_covered_display": "100", "missing_lines": 0, "excluded_lines": 0, "percent_statements_covered": 100.0, "percent_statements_covered_display": "100"}, "missing_lines": [], "excluded_lines": [], "start_line": 130}, "test_filter_reserved_field_quotes": {"executed_lines": [135, 136], "summary": {"covered_lines": 2, "num_statements": 2, "percent_covered": 100.0, "percent_covered_display": "100", "missing_lines": 0, "excluded_lines": 0, "percent_statements_covered": 100.0, "percent_statements_covered_display": "100"}, "missing_lines": [], "excluded_lines": [], "start_line": 134}, "test_filter_hyphen_field_quotes": {"executed_lines": [139, 140], "summary": {"covered_lines": 2, "num_statements": 2, "percent_covered": 100.0, "percent_covered_display": "100", "missing_lines": 0, "excluded_lines": 0, "percent_statements_covered": 100.0, "percent_statements_covered_display": "100"}, "missing_lines": [], "excluded_lines": [], "start_line": 138}, "test_filter_group_and": {"executed_lines": [145, 154, 155], "summary": {"covered_lines": 3, "num_statements": 3, "percent_covered": 100.0, "percent_covered_display": "100", "missing_lines": 0, "excluded_lines": 0, "percent_statements_covered": 100.0, "percent_statements_covered_display": "100"}, "missing_lines": [], "excluded_lines": [], "start_line": 144}, "test_filter_group_or": {"executed_lines": [158, 167, 168], "summary": {"covered_lines": 3, "num_statements": 3, "percent_covered": 100.0, "percent_covered_display": "100", "missing_lines": 0, "excluded_lines": 0, "percent_statements_covered": 100.0, "percent_statements_covered_display": "100"}, "missing_lines": [], "excluded_lines": [], "start_line": 157}, "test_filter_nested_group": {"executed_lines": [171, 187, 188], "summary": {"covered_lines": 3, "num_statements": 3, "percent_covered": 100.0, "percent_covered_display": "100", "missing_lines": 0, "excluded_lines": 0, "percent_statements_covered": 100.0, "percent_statements_covered_display": "100"}, "missing_lines": [], "excluded_lines": [], "start_line": 170}, "test_filter_deep_nested_group": {"executed_lines": [191, 212, 213], "summary": {"covered_lines": 3, "num_statements": 3, "percent_covered": 100.0, "percent_covered_display": "100", "missing_lines": 0, "excluded_lines": 0, "percent_statements_covered": 100.0, "percent_statements_covered_display": "100"}, "missing_lines": [], "excluded_lines": [], "start_line": 190}, "test_filter_group_empty": {"executed_lines": [216, 217, 218, 219], "summary": {"covered_lines": 4, "num_statements": 4, "percent_covered": 100.0, "percent_covered_display": "100", "missing_lines": 0, "excluded_lines": 0, "percent_statements_covered": 100.0, "percent_statements_covered_display": "100"}, "missing_lines": [], "excluded_lines": [], "start_line": 215}, "test_join_types": {"executed_lines": [225, 226], "summary": {"covered_lines": 2, "num_statements": 2, "percent_covered": 100.0, "percent_covered_display": "100", "missing_lines": 0, "excluded_lines": 0, "percent_statements_covered": 100.0, "percent_statements_covered_display": "100"}, "missing_lines": [], "excluded_lines": [], "start_line": 224}, "test_join_reserved_table_quotes": {"executed_lines": [229, 230], "summary": {"covered_lines": 2, "num_statements": 2, "percent_covered": 100.0, "percent_covered_display": "100", "missing_lines": 0, "excluded_lines": 0, "percent_statements_covered": 100.0, "percent_statements_covered_display": "100"}, "missing_lines": [], "excluded_lines": [], "start_line": 228}, "test_join_default_left": {"executed_lines": [233, 234], "summary": {"covered_lines": 2, "num_statements": 2, "percent_covered": 100.0, "percent_covered_display": "100", "missing_lines": 0, "excluded_lines": 0, "percent_statements_covered": 100.0, "percent_statements_covered_display": "100"}, "missing_lines": [], "excluded_lines": [], "start_line": 232}, "test_join_on_variable": {"executed_lines": [237, 238], "summary": {"covered_lines": 2, "num_statements": 2, "percent_covered": 100.0, "percent_covered_display": "100", "missing_lines": 0, "excluded_lines": 0, "percent_statements_covered": 100.0, "percent_statements_covered_display": "100"}, "missing_lines": [], "excluded_lines": [], "start_line": 236}, "test_join_on_string_variable": {"executed_lines": [241, 243], "summary": {"covered_lines": 2, "num_statements": 2, "percent_covered": 100.0, "percent_covered_display": "100", "missing_lines": 0, "excluded_lines": 0, "percent_statements_covered": 100.0, "percent_statements_covered_display": "100"}, "missing_lines": [], "excluded_lines": [], "start_line": 240}, "test_join_node_error": {"executed_lines": [246, 247], "summary": {"covered_lines": 2, "num_statements": 2, "percent_covered": 100.0, "percent_covered_display": "100", "missing_lines": 0, "excluded_lines": 0, "percent_statements_covered": 100.0, "percent_statements_covered_display": "100"}, "missing_lines": [], "excluded_lines": [], "start_line": 245}, "test_group_simple": {"executed_lines": [252, 253, 254, 255], "summary": {"covered_lines": 4, "num_statements": 4, "percent_covered": 100.0, "percent_covered_display": "100", "missing_lines": 0, "excluded_lines": 0, "percent_statements_covered": 100.0, "percent_statements_covered_display": "100"}, "missing_lines": [], "excluded_lines": [], "start_line": 251}, "test_group_multiple": {"executed_lines": [258, 259, 260, 261], "summary": {"covered_lines": 4, "num_statements": 4, "percent_covered": 100.0, "percent_covered_display": "100", "missing_lines": 0, "excluded_lines": 0, "percent_statements_covered": 100.0, "percent_statements_covered_display": "100"}, "missing_lines": [], "excluded_lines": [], "start_line": 257}, "test_group_agg_count": {"executed_lines": [264, 265], "summary": {"covered_lines": 2, "num_statements": 2, "percent_covered": 100.0, "percent_covered_display": "100", "missing_lines": 0, "excluded_lines": 0, "percent_statements_covered": 100.0, "percent_statements_covered_display": "100"}, "missing_lines": [], "excluded_lines": [], "start_line": 263}, "test_group_agg_sum": {"executed_lines": [268, 269], "summary": {"covered_lines": 2, "num_statements": 2, "percent_covered": 100.0, "percent_covered_display": "100", "missing_lines": 0, "excluded_lines": 0, "percent_statements_covered": 100.0, "percent_statements_covered_display": "100"}, "missing_lines": [], "excluded_lines": [], "start_line": 267}, "test_group_agg_avg": {"executed_lines": [272, 273], "summary": {"covered_lines": 2, "num_statements": 2, "percent_covered": 100.0, "percent_covered_display": "100", "missing_lines": 0, "excluded_lines": 0, "percent_statements_covered": 100.0, "percent_statements_covered_display": "100"}, "missing_lines": [], "excluded_lines": [], "start_line": 271}, "test_group_agg_min_max": {"executed_lines": [276, 280, 281], "summary": {"covered_lines": 3, "num_statements": 3, "percent_covered": 100.0, "percent_covered_display": "100", "missing_lines": 0, "excluded_lines": 0, "percent_statements_covered": 100.0, "percent_statements_covered_display": "100"}, "missing_lines": [], "excluded_lines": [], "start_line": 275}, "test_group_having_simple": {"executed_lines": [284, 288], "summary": {"covered_lines": 2, "num_statements": 2, "percent_covered": 100.0, "percent_covered_display": "100", "missing_lines": 0, "excluded_lines": 0, "percent_statements_covered": 100.0, "percent_statements_covered_display": "100"}, "missing_lines": [], "excluded_lines": [], "start_line": 283}, "test_group_having_variable": {"executed_lines": [291, 295], "summary": {"covered_lines": 2, "num_statements": 2, "percent_covered": 100.0, "percent_covered_display": "100", "missing_lines": 0, "excluded_lines": 0, "percent_statements_covered": 100.0, "percent_statements_covered_display": "100"}, "missing_lines": [], "excluded_lines": [], "start_line": 290}, "test_group_implicit_all": {"executed_lines": [299, 300], "summary": {"covered_lines": 2, "num_statements": 2, "percent_covered": 100.0, "percent_covered_display": "100", "missing_lines": 0, "excluded_lines": 0, "percent_statements_covered": 100.0, "percent_statements_covered_display": "100"}, "missing_lines": [], "excluded_lines": [], "start_line": 297}, "test_sort_asc": {"executed_lines": [305, 306], "summary": {"covered_lines": 2, "num_statements": 2, "percent_covered": 100.0, "percent_covered_display": "100", "missing_lines": 0, "excluded_lines": 0, "percent_statements_covered": 100.0, "percent_statements_covered_display": "100"}, "missing_lines": [], "excluded_lines": [], "start_line": 304}, "test_sort_desc": {"executed_lines": [309, 310], "summary": {"covered_lines": 2, "num_statements": 2, "percent_covered": 100.0, "percent_covered_display": "100", "missing_lines": 0, "excluded_lines": 0, "percent_statements_covered": 100.0, "percent_statements_covered_display": "100"}, "missing_lines": [], "excluded_lines": [], "start_line": 308}, "test_sort_no_field": {"executed_lines": [313, 314], "summary": {"covered_lines": 2, "num_statements": 2, "percent_covered": 100.0, "percent_covered_display": "100", "missing_lines": 0, "excluded_lines": 0, "percent_statements_covered": 100.0, "percent_statements_covered_display": "100"}, "missing_lines": [], "excluded_lines": [], "start_line": 312}, "test_transform_simple": {"executed_lines": [319, 320], "summary": {"covered_lines": 2, "num_statements": 2, "percent_covered": 100.0, "percent_covered_display": "100", "missing_lines": 0, "excluded_lines": 0, "percent_statements_covered": 100.0, "percent_statements_covered_display": "100"}, "missing_lines": [], "excluded_lines": [], "start_line": 318}, "test_transform_multiple": {"executed_lines": [323, 327], "summary": {"covered_lines": 2, "num_statements": 2, "percent_covered": 100.0, "percent_covered_display": "100", "missing_lines": 0, "excluded_lines": 0, "percent_statements_covered": 100.0, "percent_statements_covered_display": "100"}, "missing_lines": [], "excluded_lines": [], "start_line": 322}, "test_transform_variable": {"executed_lines": [330, 331], "summary": {"covered_lines": 2, "num_statements": 2, "percent_covered": 100.0, "percent_covered_display": "100", "missing_lines": 0, "excluded_lines": 0, "percent_statements_covered": 100.0, "percent_statements_covered_display": "100"}, "missing_lines": [], "excluded_lines": [], "start_line": 329}, "test_transform_python_error": {"executed_lines": [334, 335], "summary": {"covered_lines": 2, "num_statements": 2, "percent_covered": 100.0, "percent_covered_display": "100", "missing_lines": 0, "excluded_lines": 0, "percent_statements_covered": 100.0, "percent_statements_covered_display": "100"}, "missing_lines": [], "excluded_lines": [], "start_line": 333}, "test_transform_mixed_error": {"executed_lines": [339, 343], "summary": {"covered_lines": 2, "num_statements": 2, "percent_covered": 100.0, "percent_covered_display": "100", "missing_lines": 0, "excluded_lines": 0, "percent_statements_covered": 100.0, "percent_statements_covered_display": "100"}, "missing_lines": [], "excluded_lines": [], "start_line": 337}, "test_save_distinct": {"executed_lines": [348, 349], "summary": {"covered_lines": 2, "num_statements": 2, "percent_covered": 100.0, "percent_covered_display": "100", "missing_lines": 0, "excluded_lines": 0, "percent_statements_covered": 100.0, "percent_statements_covered_display": "100"}, "missing_lines": [], "excluded_lines": [], "start_line": 347}, "test_save_all": {"executed_lines": [352, 353, 354], "summary": {"covered_lines": 3, "num_statements": 3, "percent_covered": 100.0, "percent_covered_display": "100", "missing_lines": 0, "excluded_lines": 0, "percent_statements_covered": 100.0, "percent_statements_covered_display": "100"}, "missing_lines": [], "excluded_lines": [], "start_line": 351}, "test_save_invalid": {"executed_lines": [357, 358], "summary": {"covered_lines": 2, "num_statements": 2, "percent_covered": 100.0, "percent_covered_display": "100", "missing_lines": 0, "excluded_lines": 0, "percent_statements_covered": 100.0, "percent_statements_covered_display": "100"}, "missing_lines": [], "excluded_lines": [], "start_line": 356}, "test_view_limit_zero": {"executed_lines": [363, 364, 365], "summary": {"covered_lines": 3, "num_statements": 3, "percent_covered": 100.0, "percent_covered_display": "100", "missing_lines": 0, "excluded_lines": 0, "percent_statements_covered": 100.0, "percent_statements_covered_display": "100"}, "missing_lines": [], "excluded_lines": [], "start_line": 362}, "test_view_limit_positive": {"executed_lines": [368, 369, 370], "summary": {"covered_lines": 3, "num_statements": 3, "percent_covered": 100.0, "percent_covered_display": "100", "missing_lines": 0, "excluded_lines": 0, "percent_statements_covered": 100.0, "percent_statements_covered_display": "100"}, "missing_lines": [], "excluded_lines": [], "start_line": 367}, "test_view_limit_undefined": {"executed_lines": [373, 374, 375, 376], "summary": {"covered_lines": 4, "num_statements": 4, "percent_covered": 100.0, "percent_covered_display": "100", "missing_lines": 0, "excluded_lines": 0, "percent_statements_covered": 100.0, "percent_statements_covered_display": "100"}, "missing_lines": [], "excluded_lines": [], "start_line": 372}, "test_variable_missing": {"executed_lines": [383, 384], "summary": {"covered_lines": 2, "num_statements": 2, "percent_covered": 100.0, "percent_covered_display": "100", "missing_lines": 0, "excluded_lines": 0, "percent_statements_covered": 100.0, "percent_statements_covered_display": "100"}, "missing_lines": [], "excluded_lines": [], "start_line": 380}, "test_variable_substitution_partial": {"executed_lines": [388, 389], "summary": {"covered_lines": 2, "num_statements": 2, "percent_covered": 100.0, "percent_covered_display": "100", "missing_lines": 0, "excluded_lines": 0, "percent_statements_covered": 100.0, "percent_statements_covered_display": "100"}, "missing_lines": [], "excluded_lines": [], "start_line": 386}, "test_variable_list_empty": {"executed_lines": [392, 394], "summary": {"covered_lines": 2, "num_statements": 2, "percent_covered": 100.0, "percent_covered_display": "100", "missing_lines": 0, "excluded_lines": 0, "percent_statements_covered": 100.0, "percent_statements_covered_display": "100"}, "missing_lines": [], "excluded_lines": [], "start_line": 391}, "test_variable_mixed_types_list": {"executed_lines": [397, 398], "summary": {"covered_lines": 2, "num_statements": 2, "percent_covered": 100.0, "percent_covered_display": "100", "missing_lines": 0, "excluded_lines": 0, "percent_statements_covered": 100.0, "percent_statements_covered_display": "100"}, "missing_lines": [], "excluded_lines": [], "start_line": 396}, "test_variable_zero": {"executed_lines": [401, 402], "summary": {"covered_lines": 2, "num_statements": 2, "percent_covered": 100.0, "percent_covered_display": "100", "missing_lines": 0, "excluded_lines": 0, "percent_statements_covered": 100.0, "percent_statements_covered_display": "100"}, "missing_lines": [], "excluded_lines": [], "start_line": 400}, "test_unknown_command": {"executed_lines": [407, 408], "summary": {"covered_lines": 2, "num_statements": 2, "percent_covered": 100.0, "percent_covered_display": "100", "missing_lines": 0, "excluded_lines": 0, "percent_statements_covered": 100.0, "percent_statements_covered_display": "100"}, "missing_lines": [], "excluded_lines": [], "start_line": 406}, "": {"executed_lines": [2, 3, 4, 8, 9, 26, 34, 39, 43, 48, 55, 68, 72, 79, 83, 87, 91, 95, 99, 103, 107, 112, 117, 121, 125, 130, 134, 138, 144, 157, 170, 190, 215, 223, 224, 228, 232, 236, 240, 245, 251, 257, 263, 267, 271, 275, 283, 290, 297, 304, 308, 312, 318, 322, 329, 333, 337, 347, 351, 356, 362, 367, 372, 380, 386, 391, 396, 400, 406], "summary": {"covered_lines": 69, "num_statements": 69, "percent_covered": 100.0, "percent_covered_display": "100", "missing_lines": 0, "excluded_lines": 0, "percent_statements_covered": 100.0, "percent_statements_covered_display": "100"}, "missing_lines": [], "excluded_lines": [], "start_line": 1}}, "classes": {"": {"executed_lines": [2, 3, 4, 8, 9, 10, 26, 27, 34, 35, 39, 40, 41, 43, 45, 46, 48, 49, 50, 55, 68, 69, 70, 72, 79, 80, 81, 83, 84, 85, 87, 88, 89, 91, 92, 93, 95, 96, 97, 99, 100, 101, 103, 104, 105, 107, 108, 109, 110, 112, 113, 114, 115, 117, 118, 119, 121, 122, 123, 125, 127, 128, 130, 131, 132, 134, 135, 136, 138, 139, 140, 144, 145, 154, 155, 157, 158, 167, 168, 170, 171, 187, 188, 190, 191, 212, 213, 215, 216, 217, 218, 219, 223, 224, 225, 226, 228, 229, 230, 232, 233, 234, 236, 237, 238, 240, 241, 243, 245, 246, 247, 251, 252, 253, 254, 255, 257, 258, 259, 260, 261, 263, 264, 265, 267, 268, 269, 271, 272, 273, 275, 276, 280, 281, 283, 284, 288, 290, 291, 295, 297, 299, 300, 304, 305, 306, 308, 309, 310, 312, 313, 314, 318, 319, 320, 322, 323, 327, 329, 330, 331, 333, 334, 335, 337, 339, 343, 347, 348, 349, 351, 352, 353, 354, 356, 357, 358, 362, 363, 364, 365, 367, 368, 369, 370, 372, 373, 374, 375, 376, 380, 383, 384, 386, 388, 389, 391, 392, 394, 396, 397, 398, 400, 401, 402, 406, 407, 408], "summary": {"covered_lines": 208, "num_statements": 208, "percent_covered": 100.0, "percent_covered_display": "100", "missing_lines": 0, "excluded_lines": 0, "percent_statements_covered": 100.0, "percent_statements_covered_display": "100"}, "missing_lines": [], "excluded_lines": [], "start_line": 1}}}}, "totals": {"covered_lines": 7419, "num_statements": 8041, "percent_covered": 92.26464370103221, "percent_covered_display": "92", "missing_lines": 622, "excluded_lines": 13, "percent_statements_covered": 92.26464370103221, "percent_statements_covered_display": "92"}}